{"/Users/jason_liang/Documents/Code/MOOC/Vue3.0/vue3-jsonschema-form/lib/SchemaForm.tsx": {"path":"/Users/jason_liang/Documents/Code/MOOC/Vue3.0/vue3-jsonschema-form/lib/SchemaForm.tsx","statementMap":{"0":{"start":{"line":2,"column":0},"end":{"line":2,"column":null}},"1":{"start":{"line":1,"column":0},"end":{"line":1,"column":null}},"2":{"start":{"line":13,"column":0},"end":{"line":13,"column":null}},"3":{"start":{"line":14,"column":0},"end":{"line":14,"column":null}},"4":{"start":{"line":22,"column":0},"end":{"line":22,"column":null}},"5":{"start":{"line":24,"column":35},"end":{"line":24,"column":null}},"6":{"start":{"line":28,"column":15},"end":{"line":28,"column":31}},"7":{"start":{"line":64,"column":26},"end":{"line":66,"column":null}},"8":{"start":{"line":65,"column":6},"end":{"line":65,"column":11}},"9":{"start":{"line":68,"column":25},"end":{"line":68,"column":34}},"10":{"start":{"line":69,"column":6},"end":{"line":80,"column":null}},"11":{"start":{"line":70,"column":30},"end":{"line":72,"column":13}},"12":{"start":{"line":74,"column":8},"end":{"line":74,"column":15}},"13":{"start":{"line":75,"column":10},"end":{"line":75,"column":16}},"14":{"start":{"line":76,"column":10},"end":{"line":76,"column":17}},"15":{"start":{"line":79,"column":8},"end":{"line":79,"column":15}},"16":{"start":{"line":83,"column":31},"end":{"line":83,"column":40}},"17":{"start":{"line":84,"column":6},"end":{"line":100,"column":null}},"18":{"start":{"line":85,"column":31},"end":{"line":87,"column":13}},"19":{"start":{"line":89,"column":8},"end":{"line":89,"column":15}},"20":{"start":{"line":90,"column":26},"end":{"line":90,"column":null}},"21":{"start":{"line":91,"column":10},"end":{"line":91,"column":24}},"22":{"start":{"line":92,"column":12},"end":{"line":94,"column":null}},"23":{"start":{"line":93,"column":14},"end":{"line":93,"column":23}},"24":{"start":{"line":96,"column":10},"end":{"line":96,"column":17}},"25":{"start":{"line":99,"column":8},"end":{"line":99,"column":15}},"26":{"start":{"line":99,"column":30},"end":{"line":99,"column":null}},"27":{"start":{"line":103,"column":20},"end":{"line":103,"column":null}},"28":{"start":{"line":109,"column":45},"end":{"line":109,"column":56}},"29":{"start":{"line":111,"column":39},"end":{"line":111,"column":null}},"30":{"start":{"line":113,"column":4},"end":{"line":113,"column":16}},"31":{"start":{"line":114,"column":6},"end":{"line":114,"column":18}},"32":{"start":{"line":119,"column":6},"end":{"line":127,"column":null}},"33":{"start":{"line":120,"column":30},"end":{"line":122,"column":13}},"34":{"start":{"line":124,"column":8},"end":{"line":124,"column":21}},"35":{"start":{"line":125,"column":10},"end":{"line":125,"column":22}},"36":{"start":{"line":129,"column":6},"end":{"line":137,"column":null}},"37":{"start":{"line":130,"column":31},"end":{"line":132,"column":13}},"38":{"start":{"line":134,"column":8},"end":{"line":134,"column":22}},"39":{"start":{"line":135,"column":10},"end":{"line":135,"column":22}},"40":{"start":{"line":140,"column":31},"end":{"line":140,"column":null}},"41":{"start":{"line":141,"column":26},"end":{"line":141,"column":30}},"42":{"start":{"line":143,"column":4},"end":{"line":143,"column":null}},"43":{"start":{"line":144,"column":12},"end":{"line":144,"column":null}},"44":{"start":{"line":146,"column":8},"end":{"line":146,"column":null}},"45":{"start":{"line":146,"column":38},"end":{"line":146,"column":null}},"46":{"start":{"line":154,"column":21},"end":{"line":154,"column":null}},"47":{"start":{"line":156,"column":56},"end":{"line":156,"column":null}},"48":{"start":{"line":157,"column":21},"end":{"line":157,"column":null}},"49":{"start":{"line":165,"column":6},"end":{"line":165,"column":null}},"50":{"start":{"line":165,"column":41},"end":{"line":165,"column":null}},"51":{"start":{"line":167,"column":6},"end":{"line":167,"column":20}},"52":{"start":{"line":168,"column":6},"end":{"line":168,"column":24}},"53":{"start":{"line":170,"column":6},"end":{"line":170,"column":24}},"54":{"start":{"line":173,"column":23},"end":{"line":178,"column":null}},"55":{"start":{"line":174,"column":6},"end":{"line":174,"column":13}},"56":{"start":{"line":175,"column":8},"end":{"line":175,"column":26}},"57":{"start":{"line":176,"column":8},"end":{"line":176,"column":null}},"58":{"start":{"line":180,"column":4},"end":{"line":180,"column":12}},"59":{"start":{"line":182,"column":4},"end":{"line":182,"column":11}},"60":{"start":{"line":186,"column":70},"end":{"line":186,"column":null}},"61":{"start":{"line":188,"column":4},"end":{"line":188,"column":null}}},"fnMap":{"0":{"name":"(anonymous_0)","decl":{"start":{"line":63,"column":2},"end":{"line":63,"column":7}},"loc":{"start":{"line":63,"column":13},"end":{"line":183,"column":null}}},"1":{"name":"(anonymous_1)","decl":{"start":{"line":64,"column":26},"end":{"line":64,"column":36}},"loc":{"start":{"line":64,"column":36},"end":{"line":66,"column":null}}},"2":{"name":"(anonymous_2)","decl":{"start":{"line":68,"column":34},"end":{"line":68,"column":39}},"loc":{"start":{"line":68,"column":39},"end":{"line":81,"column":null}}},"3":{"name":"(anonymous_3)","decl":{"start":{"line":74,"column":36},"end":{"line":74,"column":37}},"loc":{"start":{"line":74,"column":55},"end":{"line":77,"column":11}}},"4":{"name":"(anonymous_4)","decl":{"start":{"line":83,"column":40},"end":{"line":83,"column":45}},"loc":{"start":{"line":83,"column":45},"end":{"line":101,"column":null}}},"5":{"name":"(anonymous_5)","decl":{"start":{"line":89,"column":16},"end":{"line":89,"column":34}},"loc":{"start":{"line":89,"column":34},"end":{"line":97,"column":null}}},"6":{"name":"(anonymous_6)","decl":{"start":{"line":91,"column":34},"end":{"line":91,"column":45}},"loc":{"start":{"line":91,"column":45},"end":{"line":95,"column":null}}},"7":{"name":"(anonymous_7)","decl":{"start":{"line":99,"column":16},"end":{"line":99,"column":30}},"loc":{"start":{"line":99,"column":30},"end":{"line":99,"column":null}}},"8":{"name":"(anonymous_8)","decl":{"start":{"line":113,"column":16},"end":{"line":113,"column":21}},"loc":{"start":{"line":113,"column":21},"end":{"line":138,"column":null}}},"9":{"name":"(anonymous_9)","decl":{"start":{"line":124,"column":31},"end":{"line":124,"column":41}},"loc":{"start":{"line":124,"column":41},"end":{"line":126,"column":null}}},"10":{"name":"(anonymous_10)","decl":{"start":{"line":134,"column":32},"end":{"line":134,"column":43}},"loc":{"start":{"line":134,"column":43},"end":{"line":136,"column":null}}},"11":{"name":"(anonymous_11)","decl":{"start":{"line":144,"column":6},"end":{"line":144,"column":12}},"loc":{"start":{"line":144,"column":12},"end":{"line":144,"column":null}}},"12":{"name":"(anonymous_12)","decl":{"start":{"line":145,"column":6},"end":{"line":145,"column":11}},"loc":{"start":{"line":145,"column":11},"end":{"line":147,"column":null}}},"13":{"name":"useValidate","decl":{"start":{"line":153,"column":19},"end":{"line":153,"column":30}},"loc":{"start":{"line":153,"column":30},"end":{"line":171,"column":null}}},"14":{"name":"(anonymous_14)","decl":{"start":{"line":173,"column":23},"end":{"line":173,"column":28}},"loc":{"start":{"line":173,"column":28},"end":{"line":178,"column":null}}},"15":{"name":"(anonymous_15)","decl":{"start":{"line":174,"column":26},"end":{"line":174,"column":37}},"loc":{"start":{"line":174,"column":37},"end":{"line":177,"column":null}}},"16":{"name":"(anonymous_16)","decl":{"start":{"line":185,"column":2},"end":{"line":185,"column":8}},"loc":{"start":{"line":185,"column":8},"end":{"line":198,"column":null}}}},"branchMap":{"0":{"loc":{"start":{"line":69,"column":6},"end":{"line":80,"column":null}},"type":"if","locations":[{"start":{"line":69,"column":6},"end":{"line":80,"column":null}},{"start":{"line":69,"column":6},"end":{"line":80,"column":null}}]},"1":{"loc":{"start":{"line":71,"column":12},"end":{"line":71,"column":null}},"type":"cond-expr","locations":[{"start":{"line":71,"column":12},"end":{"line":71,"column":null}},{"start":{"line":72,"column":12},"end":{"line":72,"column":13}}]},"2":{"loc":{"start":{"line":84,"column":6},"end":{"line":100,"column":null}},"type":"if","locations":[{"start":{"line":84,"column":6},"end":{"line":100,"column":null}},{"start":{"line":84,"column":6},"end":{"line":100,"column":null}}]},"3":{"loc":{"start":{"line":86,"column":12},"end":{"line":86,"column":null}},"type":"cond-expr","locations":[{"start":{"line":86,"column":12},"end":{"line":86,"column":null}},{"start":{"line":87,"column":12},"end":{"line":87,"column":13}}]},"4":{"loc":{"start":{"line":92,"column":12},"end":{"line":94,"column":null}},"type":"if","locations":[{"start":{"line":92,"column":12},"end":{"line":94,"column":null}},{"start":{"line":92,"column":12},"end":{"line":94,"column":null}}]},"5":{"loc":{"start":{"line":119,"column":6},"end":{"line":127,"column":null}},"type":"if","locations":[{"start":{"line":119,"column":6},"end":{"line":127,"column":null}},{"start":{"line":119,"column":6},"end":{"line":127,"column":null}}]},"6":{"loc":{"start":{"line":121,"column":12},"end":{"line":121,"column":null}},"type":"cond-expr","locations":[{"start":{"line":121,"column":12},"end":{"line":121,"column":null}},{"start":{"line":122,"column":12},"end":{"line":122,"column":13}}]},"7":{"loc":{"start":{"line":129,"column":6},"end":{"line":137,"column":null}},"type":"if","locations":[{"start":{"line":129,"column":6},"end":{"line":137,"column":null}},{"start":{"line":129,"column":6},"end":{"line":137,"column":null}}]},"8":{"loc":{"start":{"line":131,"column":12},"end":{"line":131,"column":null}},"type":"cond-expr","locations":[{"start":{"line":131,"column":12},"end":{"line":131,"column":null}},{"start":{"line":132,"column":12},"end":{"line":132,"column":13}}]},"9":{"loc":{"start":{"line":146,"column":8},"end":{"line":146,"column":null}},"type":"if","locations":[{"start":{"line":146,"column":8},"end":{"line":146,"column":null}},{"start":{"line":146,"column":8},"end":{"line":146,"column":null}}]},"10":{"loc":{"start":{"line":165,"column":6},"end":{"line":165,"column":null}},"type":"if","locations":[{"start":{"line":165,"column":6},"end":{"line":165,"column":null}},{"start":{"line":165,"column":6},"end":{"line":165,"column":null}}]},"11":{"loc":{"start":{"line":192,"column":18},"end":{"line":192,"column":26}},"type":"binary-expr","locations":[{"start":{"line":192,"column":18},"end":{"line":192,"column":26}},{"start":{"line":192,"column":30},"end":{"line":192,"column":null}}]},"12":{"loc":{"start":{"line":193,"column":21},"end":{"line":193,"column":35}},"type":"binary-expr","locations":[{"start":{"line":193,"column":21},"end":{"line":193,"column":35}},{"start":{"line":193,"column":39},"end":{"line":193,"column":null}}]}},"s":{"0":3,"1":3,"2":3,"3":3,"4":3,"5":3,"6":3,"7":7,"8":4,"9":7,"10":0,"11":0,"12":0,"13":0,"14":0,"15":0,"16":7,"17":7,"18":0,"19":0,"20":0,"21":0,"22":0,"23":0,"24":0,"25":7,"26":20,"27":7,"28":7,"29":7,"30":7,"31":7,"32":7,"33":0,"34":0,"35":0,"36":7,"37":0,"38":0,"39":0,"40":7,"41":7,"42":7,"43":10,"44":3,"45":0,"46":0,"47":0,"48":0,"49":0,"50":0,"51":0,"52":0,"53":0,"54":7,"55":0,"56":0,"57":0,"58":7,"59":7,"60":7,"61":7},"f":{"0":7,"1":4,"2":0,"3":0,"4":7,"5":0,"6":0,"7":20,"8":7,"9":0,"10":0,"11":10,"12":3,"13":0,"14":0,"15":0,"16":7},"b":{"0":[0,0],"1":[0,0],"2":[0,7],"3":[0,0],"4":[0,0],"5":[0,7],"6":[0,0],"7":[0,7],"8":[0,0],"9":[0,3],"10":[0,0],"11":[7,7],"12":[7,0]}}
,"/Users/jason_liang/Documents/Code/MOOC/Vue3.0/vue3-jsonschema-form/lib/SchemaItem.tsx": {"path":"/Users/jason_liang/Documents/Code/MOOC/Vue3.0/vue3-jsonschema-form/lib/SchemaItem.tsx","statementMap":{"0":{"start":{"line":1,"column":0},"end":{"line":1,"column":null}},"1":{"start":{"line":2,"column":0},"end":{"line":2,"column":null}},"2":{"start":{"line":3,"column":0},"end":{"line":3,"column":null}},"3":{"start":{"line":4,"column":0},"end":{"line":4,"column":null}},"4":{"start":{"line":5,"column":0},"end":{"line":5,"column":null}},"5":{"start":{"line":6,"column":0},"end":{"line":6,"column":null}},"6":{"start":{"line":7,"column":0},"end":{"line":7,"column":null}},"7":{"start":{"line":8,"column":0},"end":{"line":8,"column":null}},"8":{"start":{"line":10,"column":15},"end":{"line":10,"column":31}},"9":{"start":{"line":15,"column":24},"end":{"line":15,"column":null}},"10":{"start":{"line":17,"column":30},"end":{"line":17,"column":39}},"11":{"start":{"line":18,"column":44},"end":{"line":18,"column":null}},"12":{"start":{"line":19,"column":6},"end":{"line":19,"column":13}},"13":{"start":{"line":24,"column":4},"end":{"line":24,"column":11}},"14":{"start":{"line":25,"column":25},"end":{"line":25,"column":null}},"15":{"start":{"line":26,"column":29},"end":{"line":26,"column":null}},"16":{"start":{"line":29,"column":19},"end":{"line":29,"column":null}},"17":{"start":{"line":32,"column":6},"end":{"line":32,"column":14}},"18":{"start":{"line":34,"column":10},"end":{"line":34,"column":19}},"19":{"start":{"line":35,"column":10},"end":{"line":35,"column":null}},"20":{"start":{"line":37,"column":10},"end":{"line":37,"column":19}},"21":{"start":{"line":38,"column":10},"end":{"line":38,"column":null}},"22":{"start":{"line":40,"column":10},"end":{"line":40,"column":19}},"23":{"start":{"line":41,"column":10},"end":{"line":41,"column":null}},"24":{"start":{"line":43,"column":10},"end":{"line":43,"column":19}},"25":{"start":{"line":44,"column":10},"end":{"line":44,"column":null}},"26":{"start":{"line":46,"column":10},"end":{"line":46,"column":17}},"27":{"start":{"line":49,"column":6},"end":{"line":49,"column":13}}},"fnMap":{"0":{"name":"(anonymous_0)","decl":{"start":{"line":14,"column":2},"end":{"line":14,"column":7}},"loc":{"start":{"line":14,"column":13},"end":{"line":51,"column":null}}},"1":{"name":"(anonymous_1)","decl":{"start":{"line":17,"column":39},"end":{"line":17,"column":44}},"loc":{"start":{"line":17,"column":44},"end":{"line":22,"column":null}}},"2":{"name":"(anonymous_2)","decl":{"start":{"line":24,"column":11},"end":{"line":24,"column":16}},"loc":{"start":{"line":24,"column":16},"end":{"line":50,"column":null}}}},"branchMap":{"0":{"loc":{"start":{"line":33,"column":8},"end":{"line":35,"column":null}},"type":"switch","locations":[{"start":{"line":33,"column":8},"end":{"line":35,"column":null}},{"start":{"line":36,"column":8},"end":{"line":38,"column":null}},{"start":{"line":39,"column":8},"end":{"line":41,"column":null}},{"start":{"line":42,"column":8},"end":{"line":44,"column":null}},{"start":{"line":45,"column":8},"end":{"line":46,"column":17}}]}},"s":{"0":3,"1":3,"2":3,"3":3,"4":3,"5":3,"6":3,"7":3,"8":3,"9":17,"10":17,"11":20,"12":20,"13":17,"14":23,"15":23,"16":23,"17":23,"18":9,"19":9,"20":8,"21":8,"22":3,"23":3,"24":3,"25":3,"26":0,"27":23},"f":{"0":17,"1":20,"2":23},"b":{"0":[9,8,3,3,0]}}
,"/Users/jason_liang/Documents/Code/MOOC/Vue3.0/vue3-jsonschema-form/lib/context.ts": {"path":"/Users/jason_liang/Documents/Code/MOOC/Vue3.0/vue3-jsonschema-form/lib/context.ts","statementMap":{"0":{"start":{"line":1,"column":0},"end":{"line":1,"column":null}},"1":{"start":{"line":4,"column":36},"end":{"line":4,"column":null}},"2":{"start":{"line":13,"column":18},"end":{"line":13,"column":25}},"3":{"start":{"line":15,"column":2},"end":{"line":15,"column":22}},"4":{"start":{"line":15,"column":16},"end":{"line":15,"column":22}},"5":{"start":{"line":17,"column":2},"end":{"line":17,"column":9}}},"fnMap":{"0":{"name":"useVjsContext","decl":{"start":{"line":6,"column":16},"end":{"line":6,"column":29}},"loc":{"start":{"line":6,"column":29},"end":{"line":18,"column":null}}}},"branchMap":{"0":{"loc":{"start":{"line":15,"column":2},"end":{"line":15,"column":22}},"type":"if","locations":[{"start":{"line":15,"column":2},"end":{"line":15,"column":22}},{"start":{"line":15,"column":2},"end":{"line":15,"column":22}}]}},"s":{"0":3,"1":3,"2":40,"3":40,"4":0,"5":40},"f":{"0":40},"b":{"0":[0,40]}}
,"/Users/jason_liang/Documents/Code/MOOC/Vue3.0/vue3-jsonschema-form/lib/index.ts": {"path":"/Users/jason_liang/Documents/Code/MOOC/Vue3.0/vue3-jsonschema-form/lib/index.ts","statementMap":{"0":{"start":{"line":1,"column":0},"end":{"line":1,"column":null}},"1":{"start":{"line":2,"column":0},"end":{"line":2,"column":null}},"2":{"start":{"line":3,"column":0},"end":{"line":3,"column":null}},"3":{"start":{"line":4,"column":0},"end":{"line":4,"column":null}},"4":{"start":{"line":5,"column":0},"end":{"line":5,"column":null}},"5":{"start":{"line":6,"column":0},"end":{"line":6,"column":null}},"6":{"start":{"line":9,"column":0},"end":{"line":9,"column":null}},"7":{"start":{"line":8,"column":15},"end":{"line":8,"column":null}}},"fnMap":{"0":{"name":"(anonymous_5)","decl":{"start":{"line":9,"column":0},"end":{"line":9,"column":null}},"loc":{"start":{"line":9,"column":0},"end":{"line":9,"column":null}}}},"branchMap":{"0":{"loc":{"start":{"line":9,"column":0},"end":{"line":9,"column":null}},"type":"if","locations":[{"start":{"line":9,"column":0},"end":{"line":9,"column":null}},{"start":{"line":9,"column":0},"end":{"line":9,"column":null}}]}},"s":{"0":3,"1":3,"2":3,"3":3,"4":3,"5":3,"6":78,"7":3},"f":{"0":18},"b":{"0":[36,72]}}
,"/Users/jason_liang/Documents/Code/MOOC/Vue3.0/vue3-jsonschema-form/lib/theme.tsx": {"path":"/Users/jason_liang/Documents/Code/MOOC/Vue3.0/vue3-jsonschema-form/lib/theme.tsx","statementMap":{"0":{"start":{"line":1,"column":0},"end":{"line":1,"column":null}},"1":{"start":{"line":11,"column":0},"end":{"line":11,"column":null}},"2":{"start":{"line":19,"column":0},"end":{"line":19,"column":null}},"3":{"start":{"line":21,"column":27},"end":{"line":21,"column":null}},"4":{"start":{"line":23,"column":22},"end":{"line":23,"column":38}},"5":{"start":{"line":32,"column":20},"end":{"line":32,"column":29}},"6":{"start":{"line":32,"column":35},"end":{"line":32,"column":null}},"7":{"start":{"line":33,"column":4},"end":{"line":33,"column":12}},"8":{"start":{"line":35,"column":4},"end":{"line":35,"column":11}},"9":{"start":{"line":35,"column":17},"end":{"line":35,"column":39}},"10":{"start":{"line":43,"column":22},"end":{"line":43,"column":null}},"11":{"start":{"line":45,"column":2},"end":{"line":57,"column":null}},"12":{"start":{"line":46,"column":33},"end":{"line":46,"column":null}},"13":{"start":{"line":48,"column":4},"end":{"line":50,"column":null}},"14":{"start":{"line":49,"column":6},"end":{"line":49,"column":13}},"15":{"start":{"line":52,"column":4},"end":{"line":56,"column":null}},"16":{"start":{"line":53,"column":6},"end":{"line":55,"column":null}},"17":{"start":{"line":54,"column":8},"end":{"line":54,"column":15}},"18":{"start":{"line":59,"column":50},"end":{"line":59,"column":null}},"19":{"start":{"line":62,"column":2},"end":{"line":62,"column":22}},"20":{"start":{"line":62,"column":16},"end":{"line":62,"column":22}},"21":{"start":{"line":64,"column":20},"end":{"line":64,"column":29}},"22":{"start":{"line":65,"column":4},"end":{"line":65,"column":11}},"23":{"start":{"line":68,"column":2},"end":{"line":68,"column":9}},"24":{"start":{"line":71,"column":15},"end":{"line":71,"column":null}}},"fnMap":{"0":{"name":"(anonymous_0)","decl":{"start":{"line":31,"column":2},"end":{"line":31,"column":7}},"loc":{"start":{"line":31,"column":24},"end":{"line":36,"column":null}}},"1":{"name":"(anonymous_1)","decl":{"start":{"line":32,"column":29},"end":{"line":32,"column":35}},"loc":{"start":{"line":32,"column":35},"end":{"line":32,"column":null}}},"2":{"name":"(anonymous_2)","decl":{"start":{"line":35,"column":11},"end":{"line":35,"column":17}},"loc":{"start":{"line":35,"column":17},"end":{"line":35,"column":39}}},"3":{"name":"getWidget","decl":{"start":{"line":39,"column":16},"end":{"line":39,"column":null}},"loc":{"start":{"line":41,"column":51},"end":{"line":69,"column":null}}},"4":{"name":"(anonymous_4)","decl":{"start":{"line":64,"column":29},"end":{"line":64,"column":34}},"loc":{"start":{"line":64,"column":34},"end":{"line":66,"column":null}}}},"branchMap":{"0":{"loc":{"start":{"line":35,"column":17},"end":{"line":35,"column":34}},"type":"binary-expr","locations":[{"start":{"line":35,"column":17},"end":{"line":35,"column":34}},{"start":{"line":35,"column":34},"end":{"line":35,"column":39}}]},"1":{"loc":{"start":{"line":45,"column":2},"end":{"line":57,"column":null}},"type":"if","locations":[{"start":{"line":45,"column":2},"end":{"line":57,"column":null}},{"start":{"line":45,"column":2},"end":{"line":57,"column":null}}]},"2":{"loc":{"start":{"line":48,"column":4},"end":{"line":50,"column":null}},"type":"if","locations":[{"start":{"line":48,"column":4},"end":{"line":50,"column":null}},{"start":{"line":48,"column":4},"end":{"line":50,"column":null}}]},"3":{"loc":{"start":{"line":48,"column":8},"end":{"line":48,"column":28}},"type":"binary-expr","locations":[{"start":{"line":48,"column":8},"end":{"line":48,"column":28}},{"start":{"line":48,"column":28},"end":{"line":48,"column":37}}]},"4":{"loc":{"start":{"line":52,"column":4},"end":{"line":56,"column":null}},"type":"if","locations":[{"start":{"line":52,"column":4},"end":{"line":56,"column":null}},{"start":{"line":52,"column":4},"end":{"line":56,"column":null}}]},"5":{"loc":{"start":{"line":53,"column":6},"end":{"line":55,"column":null}},"type":"if","locations":[{"start":{"line":53,"column":6},"end":{"line":55,"column":null}},{"start":{"line":53,"column":6},"end":{"line":55,"column":null}}]},"6":{"loc":{"start":{"line":62,"column":2},"end":{"line":62,"column":22}},"type":"if","locations":[{"start":{"line":62,"column":2},"end":{"line":62,"column":22}},{"start":{"line":62,"column":2},"end":{"line":62,"column":22}}]}},"s":{"0":3,"1":3,"2":3,"3":3,"4":3,"5":7,"6":7,"7":7,"8":7,"9":7,"10":17,"11":17,"12":9,"13":9,"14":0,"15":9,"16":0,"17":0,"18":17,"19":17,"20":0,"21":17,"22":17,"23":17,"24":3},"f":{"0":7,"1":7,"2":7,"3":17,"4":17},"b":{"0":[7,7],"1":[9,8],"2":[0,9],"3":[9,0],"4":[0,9],"5":[0,0],"6":[0,17]}}
,"/Users/jason_liang/Documents/Code/MOOC/Vue3.0/vue3-jsonschema-form/lib/types.ts": {"path":"/Users/jason_liang/Documents/Code/MOOC/Vue3.0/vue3-jsonschema-form/lib/types.ts","statementMap":{"0":{"start":{"line":5,"column":0},"end":{"line":5,"column":12}},"1":{"start":{"line":6,"column":2},"end":{"line":6,"column":null}},"2":{"start":{"line":7,"column":2},"end":{"line":7,"column":null}},"3":{"start":{"line":8,"column":2},"end":{"line":8,"column":null}},"4":{"start":{"line":9,"column":2},"end":{"line":9,"column":null}},"5":{"start":{"line":10,"column":2},"end":{"line":10,"column":null}},"6":{"start":{"line":11,"column":2},"end":{"line":11,"column":null}},"7":{"start":{"line":80,"column":32},"end":{"line":80,"column":null}},"8":{"start":{"line":108,"column":39},"end":{"line":108,"column":null}},"9":{"start":{"line":126,"column":42},"end":{"line":126,"column":null}},"10":{"start":{"line":151,"column":0},"end":{"line":151,"column":12}},"11":{"start":{"line":152,"column":2},"end":{"line":152,"column":null}},"12":{"start":{"line":155,"column":0},"end":{"line":155,"column":12}},"13":{"start":{"line":156,"column":2},"end":{"line":156,"column":null}},"14":{"start":{"line":157,"column":2},"end":{"line":157,"column":null}}},"fnMap":{"0":{"name":"(anonymous_0)","decl":{"start":{"line":5,"column":0},"end":{"line":5,"column":12}},"loc":{"start":{"line":5,"column":23},"end":{"line":12,"column":null}}},"1":{"name":"(anonymous_1)","decl":{"start":{"line":151,"column":0},"end":{"line":151,"column":12}},"loc":{"start":{"line":151,"column":32},"end":{"line":153,"column":null}}},"2":{"name":"(anonymous_2)","decl":{"start":{"line":155,"column":0},"end":{"line":155,"column":12}},"loc":{"start":{"line":155,"column":29},"end":{"line":158,"column":null}}}},"branchMap":{"0":{"loc":{"start":{"line":5,"column":12},"end":{"line":5,"column":23}},"type":"binary-expr","locations":[{"start":{"line":5,"column":12},"end":{"line":5,"column":23}},{"start":{"line":5,"column":23},"end":{"line":5,"column":null}}]},"1":{"loc":{"start":{"line":151,"column":12},"end":{"line":151,"column":32}},"type":"binary-expr","locations":[{"start":{"line":151,"column":12},"end":{"line":151,"column":32}},{"start":{"line":151,"column":32},"end":{"line":151,"column":null}}]},"2":{"loc":{"start":{"line":155,"column":12},"end":{"line":155,"column":29}},"type":"binary-expr","locations":[{"start":{"line":155,"column":12},"end":{"line":155,"column":29}},{"start":{"line":155,"column":29},"end":{"line":155,"column":null}}]}},"s":{"0":3,"1":3,"2":3,"3":3,"4":3,"5":3,"6":3,"7":3,"8":3,"9":3,"10":3,"11":3,"12":3,"13":3,"14":3},"f":{"0":3,"1":3,"2":3},"b":{"0":[3,3],"1":[3,3],"2":[3,3]}}
,"/Users/jason_liang/Documents/Code/MOOC/Vue3.0/vue3-jsonschema-form/lib/utils.ts": {"path":"/Users/jason_liang/Documents/Code/MOOC/Vue3.0/vue3-jsonschema-form/lib/utils.ts","statementMap":{"0":{"start":{"line":1,"column":0},"end":{"line":1,"column":null}},"1":{"start":{"line":2,"column":0},"end":{"line":2,"column":null}},"2":{"start":{"line":3,"column":0},"end":{"line":3,"column":null}},"3":{"start":{"line":11,"column":2},"end":{"line":16,"column":null}},"4":{"start":{"line":12,"column":4},"end":{"line":12,"column":11}},"5":{"start":{"line":13,"column":19},"end":{"line":13,"column":70}},"6":{"start":{"line":14,"column":6},"end":{"line":14,"column":13}},"7":{"start":{"line":17,"column":2},"end":{"line":17,"column":9}},"8":{"start":{"line":30,"column":2},"end":{"line":45,"column":null}},"9":{"start":{"line":31,"column":4},"end":{"line":31,"column":11}},"10":{"start":{"line":32,"column":9},"end":{"line":45,"column":null}},"11":{"start":{"line":33,"column":27},"end":{"line":33,"column":47}},"12":{"start":{"line":34,"column":4},"end":{"line":34,"column":11}},"13":{"start":{"line":35,"column":9},"end":{"line":45,"column":null}},"14":{"start":{"line":36,"column":4},"end":{"line":36,"column":11}},"15":{"start":{"line":39,"column":8},"end":{"line":39,"column":23}},"16":{"start":{"line":44,"column":4},"end":{"line":44,"column":11}},"17":{"start":{"line":53,"column":2},"end":{"line":55,"column":null}},"18":{"start":{"line":54,"column":4},"end":{"line":54,"column":11}},"19":{"start":{"line":56,"column":23},"end":{"line":56,"column":37}},"20":{"start":{"line":59,"column":2},"end":{"line":71,"column":null}},"21":{"start":{"line":60,"column":4},"end":{"line":70,"column":null}},"22":{"start":{"line":61,"column":6},"end":{"line":61,"column":20}},"23":{"start":{"line":67,"column":6},"end":{"line":67,"column":13}},"24":{"start":{"line":68,"column":55},"end":{"line":68,"column":null}},"25":{"start":{"line":69,"column":6},"end":{"line":69,"column":13}},"26":{"start":{"line":73,"column":4},"end":{"line":74,"column":null}},"27":{"start":{"line":75,"column":2},"end":{"line":82,"column":null}},"28":{"start":{"line":77,"column":4},"end":{"line":77,"column":11}},"29":{"start":{"line":83,"column":2},"end":{"line":83,"column":9}},"30":{"start":{"line":86,"column":40},"end":{"line":86,"column":null}},"31":{"start":{"line":94,"column":2},"end":{"line":94,"column":8}},"32":{"start":{"line":99,"column":2},"end":{"line":99,"column":8}},"33":{"start":{"line":100,"column":4},"end":{"line":103,"column":null}},"34":{"start":{"line":102,"column":6},"end":{"line":102,"column":null}},"35":{"start":{"line":106,"column":4},"end":{"line":116,"column":null}},"36":{"start":{"line":107,"column":6},"end":{"line":107,"column":26}},"37":{"start":{"line":112,"column":11},"end":{"line":116,"column":null}},"38":{"start":{"line":113,"column":6},"end":{"line":113,"column":26}},"39":{"start":{"line":115,"column":6},"end":{"line":115,"column":26}},"40":{"start":{"line":119,"column":6},"end":{"line":119,"column":20}},"41":{"start":{"line":121,"column":6},"end":{"line":121,"column":20}},"42":{"start":{"line":124,"column":2},"end":{"line":124,"column":9}},"43":{"start":{"line":142,"column":21},"end":{"line":142,"column":42}},"44":{"start":{"line":144,"column":35},"end":{"line":144,"column":null}},"45":{"start":{"line":146,"column":2},"end":{"line":146,"column":9}},"46":{"start":{"line":150,"column":18},"end":{"line":150,"column":null}},"47":{"start":{"line":151,"column":2},"end":{"line":156,"column":null}},"48":{"start":{"line":153,"column":4},"end":{"line":153,"column":8}},"49":{"start":{"line":155,"column":4},"end":{"line":155,"column":10}},"50":{"start":{"line":157,"column":18},"end":{"line":157,"column":30}},"51":{"start":{"line":158,"column":2},"end":{"line":160,"column":null}},"52":{"start":{"line":159,"column":4},"end":{"line":159,"column":10}},"53":{"start":{"line":161,"column":2},"end":{"line":164,"column":null}},"54":{"start":{"line":163,"column":4},"end":{"line":163,"column":11}},"55":{"start":{"line":165,"column":2},"end":{"line":165,"column":9}},"56":{"start":{"line":175,"column":49},"end":{"line":175,"column":null}},"57":{"start":{"line":176,"column":2},"end":{"line":186,"column":null}},"58":{"start":{"line":177,"column":4},"end":{"line":177,"column":18}},"59":{"start":{"line":181,"column":9},"end":{"line":186,"column":null}},"60":{"start":{"line":182,"column":4},"end":{"line":182,"column":18}},"61":{"start":{"line":187,"column":2},"end":{"line":187,"column":9}},"62":{"start":{"line":196,"column":2},"end":{"line":229,"column":null}},"63":{"start":{"line":198,"column":4},"end":{"line":200,"column":null}},"64":{"start":{"line":199,"column":6},"end":{"line":199,"column":null}},"65":{"start":{"line":202,"column":4},"end":{"line":207,"column":null}},"66":{"start":{"line":206,"column":6},"end":{"line":206,"column":null}},"67":{"start":{"line":211,"column":8},"end":{"line":211,"column":null}},"68":{"start":{"line":212,"column":4},"end":{"line":222,"column":null}},"69":{"start":{"line":213,"column":6},"end":{"line":213,"column":20}},"70":{"start":{"line":214,"column":11},"end":{"line":222,"column":null}},"71":{"start":{"line":215,"column":6},"end":{"line":215,"column":20}},"72":{"start":{"line":223,"column":4},"end":{"line":223,"column":11}},"73":{"start":{"line":230,"column":2},"end":{"line":230,"column":9}},"74":{"start":{"line":234,"column":2},"end":{"line":236,"column":null}},"75":{"start":{"line":235,"column":4},"end":{"line":235,"column":11}},"76":{"start":{"line":237,"column":19},"end":{"line":239,"column":null}},"77":{"start":{"line":240,"column":2},"end":{"line":240,"column":9}},"78":{"start":{"line":251,"column":40},"end":{"line":251,"column":null}},"79":{"start":{"line":256,"column":2},"end":{"line":256,"column":8}},"80":{"start":{"line":258,"column":2},"end":{"line":262,"column":null}},"81":{"start":{"line":259,"column":4},"end":{"line":259,"column":11}},"82":{"start":{"line":260,"column":9},"end":{"line":262,"column":null}},"83":{"start":{"line":261,"column":4},"end":{"line":261,"column":10}},"84":{"start":{"line":264,"column":25},"end":{"line":264,"column":38}},"85":{"start":{"line":265,"column":4},"end":{"line":267,"column":null}},"86":{"start":{"line":269,"column":2},"end":{"line":269,"column":9}},"87":{"start":{"line":285,"column":26},"end":{"line":285,"column":31}},"88":{"start":{"line":286,"column":4},"end":{"line":288,"column":null}},"89":{"start":{"line":287,"column":6},"end":{"line":287,"column":13}},"90":{"start":{"line":289,"column":57},"end":{"line":289,"column":null}},"91":{"start":{"line":290,"column":4},"end":{"line":300,"column":null}},"92":{"start":{"line":291,"column":30},"end":{"line":291,"column":null}},"93":{"start":{"line":302,"column":2},"end":{"line":307,"column":null}},"94":{"start":{"line":303,"column":4},"end":{"line":303,"column":11}},"95":{"start":{"line":306,"column":4},"end":{"line":306,"column":11}},"96":{"start":{"line":309,"column":20},"end":{"line":309,"column":36}},"97":{"start":{"line":313,"column":6},"end":{"line":313,"column":null}},"98":{"start":{"line":314,"column":26},"end":{"line":314,"column":28}},"99":{"start":{"line":315,"column":2},"end":{"line":315,"column":9}},"100":{"start":{"line":328,"column":14},"end":{"line":328,"column":20}},"101":{"start":{"line":329,"column":2},"end":{"line":329,"column":9}},"102":{"start":{"line":330,"column":17},"end":{"line":330,"column":null}},"103":{"start":{"line":331,"column":14},"end":{"line":331,"column":19}},"104":{"start":{"line":332,"column":4},"end":{"line":347,"column":null}},"105":{"start":{"line":333,"column":6},"end":{"line":333,"column":9}},"106":{"start":{"line":334,"column":11},"end":{"line":347,"column":null}},"107":{"start":{"line":344,"column":6},"end":{"line":344,"column":9}},"108":{"start":{"line":346,"column":6},"end":{"line":346,"column":9}},"109":{"start":{"line":348,"column":4},"end":{"line":348,"column":11}},"110":{"start":{"line":356,"column":2},"end":{"line":356,"column":23}},"111":{"start":{"line":356,"column":16},"end":{"line":356,"column":23}},"112":{"start":{"line":357,"column":2},"end":{"line":357,"column":9}},"113":{"start":{"line":361,"column":2},"end":{"line":361,"column":9}},"114":{"start":{"line":365,"column":2},"end":{"line":365,"column":9}},"115":{"start":{"line":373,"column":2},"end":{"line":373,"column":9}},"116":{"start":{"line":378,"column":19},"end":{"line":378,"column":null}},"117":{"start":{"line":380,"column":2},"end":{"line":382,"column":null}},"118":{"start":{"line":381,"column":4},"end":{"line":381,"column":11}},"119":{"start":{"line":384,"column":2},"end":{"line":386,"column":null}},"120":{"start":{"line":385,"column":4},"end":{"line":385,"column":11}},"121":{"start":{"line":388,"column":2},"end":{"line":390,"column":null}},"122":{"start":{"line":389,"column":4},"end":{"line":389,"column":11}},"123":{"start":{"line":392,"column":17},"end":{"line":392,"column":null}},"124":{"start":{"line":393,"column":2},"end":{"line":395,"column":null}},"125":{"start":{"line":394,"column":4},"end":{"line":394,"column":11}},"126":{"start":{"line":394,"column":28},"end":{"line":394,"column":null}},"127":{"start":{"line":397,"column":2},"end":{"line":397,"column":9}},"128":{"start":{"line":426,"column":25},"end":{"line":442,"column":null}},"129":{"start":{"line":427,"column":2},"end":{"line":439,"column":null}},"130":{"start":{"line":428,"column":4},"end":{"line":428,"column":11}},"131":{"start":{"line":429,"column":9},"end":{"line":439,"column":null}},"132":{"start":{"line":430,"column":4},"end":{"line":430,"column":11}},"133":{"start":{"line":431,"column":9},"end":{"line":439,"column":null}},"134":{"start":{"line":432,"column":4},"end":{"line":432,"column":11}},"135":{"start":{"line":433,"column":9},"end":{"line":439,"column":null}},"136":{"start":{"line":434,"column":4},"end":{"line":434,"column":11}},"137":{"start":{"line":435,"column":9},"end":{"line":439,"column":null}},"138":{"start":{"line":436,"column":4},"end":{"line":436,"column":11}},"139":{"start":{"line":437,"column":9},"end":{"line":439,"column":null}},"140":{"start":{"line":438,"column":4},"end":{"line":438,"column":11}},"141":{"start":{"line":441,"column":2},"end":{"line":441,"column":9}},"142":{"start":{"line":445,"column":2},"end":{"line":445,"column":null}},"143":{"start":{"line":452,"column":17},"end":{"line":452,"column":32}},"144":{"start":{"line":453,"column":21},"end":{"line":453,"column":null}},"145":{"start":{"line":454,"column":2},"end":{"line":458,"column":null}},"146":{"start":{"line":455,"column":4},"end":{"line":455,"column":11}},"147":{"start":{"line":456,"column":9},"end":{"line":458,"column":null}},"148":{"start":{"line":457,"column":4},"end":{"line":457,"column":12}},"149":{"start":{"line":457,"column":50},"end":{"line":457,"column":61}},"150":{"start":{"line":459,"column":2},"end":{"line":459,"column":9}},"151":{"start":{"line":463,"column":2},"end":{"line":465,"column":null}},"152":{"start":{"line":464,"column":4},"end":{"line":464,"column":11}},"153":{"start":{"line":466,"column":2},"end":{"line":466,"column":9}},"154":{"start":{"line":475,"column":2},"end":{"line":525,"column":null}},"155":{"start":{"line":475,"column":15},"end":{"line":475,"column":18}},"156":{"start":{"line":476,"column":19},"end":{"line":476,"column":27}},"157":{"start":{"line":485,"column":4},"end":{"line":524,"column":null}},"158":{"start":{"line":488,"column":28},"end":{"line":488,"column":null}},"159":{"start":{"line":489,"column":60},"end":{"line":489,"column":null}},"160":{"start":{"line":497,"column":6},"end":{"line":513,"column":null}},"161":{"start":{"line":499,"column":36},"end":{"line":499,"column":null}},"162":{"start":{"line":501,"column":8},"end":{"line":506,"column":null}},"163":{"start":{"line":502,"column":10},"end":{"line":502,"column":22}},"164":{"start":{"line":505,"column":10},"end":{"line":505,"column":22}},"165":{"start":{"line":508,"column":8},"end":{"line":508,"column":20}},"166":{"start":{"line":510,"column":8},"end":{"line":510,"column":23}},"167":{"start":{"line":512,"column":8},"end":{"line":512,"column":23}},"168":{"start":{"line":517,"column":6},"end":{"line":517,"column":13}},"169":{"start":{"line":519,"column":6},"end":{"line":521,"column":null}},"170":{"start":{"line":520,"column":8},"end":{"line":520,"column":15}},"171":{"start":{"line":522,"column":11},"end":{"line":524,"column":null}},"172":{"start":{"line":523,"column":6},"end":{"line":523,"column":13}},"173":{"start":{"line":526,"column":2},"end":{"line":526,"column":9}},"174":{"start":{"line":530,"column":2},"end":{"line":551,"column":null}},"175":{"start":{"line":531,"column":4},"end":{"line":533,"column":null}},"176":{"start":{"line":532,"column":6},"end":{"line":532,"column":14}},"177":{"start":{"line":534,"column":4},"end":{"line":534,"column":11}},"178":{"start":{"line":535,"column":6},"end":{"line":537,"column":null}},"179":{"start":{"line":536,"column":8},"end":{"line":536,"column":15}},"180":{"start":{"line":538,"column":6},"end":{"line":538,"column":13}},"181":{"start":{"line":540,"column":9},"end":{"line":551,"column":null}},"182":{"start":{"line":541,"column":16},"end":{"line":541,"column":22}},"183":{"start":{"line":542,"column":4},"end":{"line":542,"column":11}},"184":{"start":{"line":543,"column":6},"end":{"line":543,"column":9}},"185":{"start":{"line":547,"column":6},"end":{"line":547,"column":13}},"186":{"start":{"line":550,"column":4},"end":{"line":550,"column":11}},"187":{"start":{"line":560,"column":2},"end":{"line":562,"column":null}},"188":{"start":{"line":561,"column":4},"end":{"line":561,"column":10}},"189":{"start":{"line":564,"column":19},"end":{"line":564,"column":null}},"190":{"start":{"line":573,"column":2},"end":{"line":576,"column":null}},"191":{"start":{"line":575,"column":4},"end":{"line":575,"column":11}},"192":{"start":{"line":577,"column":2},"end":{"line":579,"column":null}},"193":{"start":{"line":578,"column":4},"end":{"line":578,"column":11}},"194":{"start":{"line":580,"column":2},"end":{"line":582,"column":null}},"195":{"start":{"line":581,"column":4},"end":{"line":581,"column":11}},"196":{"start":{"line":583,"column":2},"end":{"line":583,"column":9}}},"fnMap":{"0":{"name":"optionsList","decl":{"start":{"line":10,"column":16},"end":{"line":10,"column":28}},"loc":{"start":{"line":10,"column":42},"end":{"line":27,"column":null}}},"1":{"name":"(anonymous_1)","decl":{"start":{"line":12,"column":27},"end":{"line":12,"column":28}},"loc":{"start":{"line":12,"column":40},"end":{"line":15,"column":null}}},"2":{"name":"resolveSchema","decl":{"start":{"line":29,"column":16},"end":{"line":29,"column":30}},"loc":{"start":{"line":29,"column":76},"end":{"line":46,"column":null}}},"3":{"name":"(anonymous_3)","decl":{"start":{"line":38,"column":40},"end":{"line":38,"column":null}},"loc":{"start":{"line":39,"column":8},"end":{"line":39,"column":23}}},"4":{"name":"retrieveSchema","decl":{"start":{"line":48,"column":16},"end":{"line":48,"column":null}},"loc":{"start":{"line":51,"column":20},"end":{"line":84,"column":null}}},"5":{"name":"stubExistingAdditionalProperties","decl":{"start":{"line":88,"column":16},"end":{"line":88,"column":null}},"loc":{"start":{"line":91,"column":20},"end":{"line":125,"column":null}}},"6":{"name":"(anonymous_6)","decl":{"start":{"line":99,"column":33},"end":{"line":99,"column":40}},"loc":{"start":{"line":99,"column":40},"end":{"line":122,"column":null}}},"7":{"name":"resolveReference","decl":{"start":{"line":140,"column":9},"end":{"line":140,"column":26}},"loc":{"start":{"line":140,"column":69},"end":{"line":147,"column":null}}},"8":{"name":"findSchemaDefinition","decl":{"start":{"line":149,"column":16},"end":{"line":149,"column":37}},"loc":{"start":{"line":149,"column":66},"end":{"line":166,"column":null}}},"9":{"name":"resolveDependencies","decl":{"start":{"line":168,"column":9},"end":{"line":168,"column":null}},"loc":{"start":{"line":171,"column":15},"end":{"line":188,"column":null}}},"10":{"name":"processDependencies","decl":{"start":{"line":189,"column":9},"end":{"line":189,"column":null}},"loc":{"start":{"line":193,"column":15},"end":{"line":231,"column":null}}},"11":{"name":"withDependentProperties","decl":{"start":{"line":233,"column":9},"end":{"line":233,"column":33}},"loc":{"start":{"line":233,"column":71},"end":{"line":241,"column":null}}},"12":{"name":"withDependentSchema","decl":{"start":{"line":243,"column":9},"end":{"line":243,"column":null}},"loc":{"start":{"line":248,"column":22},"end":{"line":276,"column":null}}},"13":{"name":"(anonymous_13)","decl":{"start":{"line":264,"column":44},"end":{"line":264,"column":null}},"loc":{"start":{"line":265,"column":4},"end":{"line":267,"column":null}}},"14":{"name":"withExactlyOneSubschema","decl":{"start":{"line":278,"column":9},"end":{"line":278,"column":null}},"loc":{"start":{"line":283,"column":12},"end":{"line":320,"column":null}}},"15":{"name":"(anonymous_15)","decl":{"start":{"line":285,"column":40},"end":{"line":285,"column":58}},"loc":{"start":{"line":285,"column":58},"end":{"line":301,"column":null}}},"16":{"name":"mergeSchemas","decl":{"start":{"line":327,"column":16},"end":{"line":327,"column":29}},"loc":{"start":{"line":327,"column":49},"end":{"line":350,"column":null}}},"17":{"name":"(anonymous_17)","decl":{"start":{"line":329,"column":34},"end":{"line":329,"column":35}},"loc":{"start":{"line":329,"column":47},"end":{"line":349,"column":5}}},"18":{"name":"getVJSFConfig","decl":{"start":{"line":352,"column":16},"end":{"line":352,"column":null}},"loc":{"start":{"line":354,"column":43},"end":{"line":358,"column":null}}},"19":{"name":"isObject","decl":{"start":{"line":360,"column":16},"end":{"line":360,"column":25}},"loc":{"start":{"line":360,"column":35},"end":{"line":362,"column":null}}},"20":{"name":"isEmptyObject","decl":{"start":{"line":364,"column":16},"end":{"line":364,"column":30}},"loc":{"start":{"line":364,"column":40},"end":{"line":366,"column":null}}},"21":{"name":"hasOwnProperty","decl":{"start":{"line":368,"column":16},"end":{"line":368,"column":31}},"loc":{"start":{"line":368,"column":52},"end":{"line":374,"column":null}}},"22":{"name":"getSchemaType","decl":{"start":{"line":377,"column":16},"end":{"line":377,"column":30}},"loc":{"start":{"line":377,"column":44},"end":{"line":422,"column":null}}},"23":{"name":"(anonymous_23)","decl":{"start":{"line":394,"column":19},"end":{"line":394,"column":28}},"loc":{"start":{"line":394,"column":28},"end":{"line":394,"column":null}}},"24":{"name":"guessType","decl":{"start":{"line":426,"column":34},"end":{"line":426,"column":44}},"loc":{"start":{"line":426,"column":54},"end":{"line":442,"column":null}}},"25":{"name":"isConstant","decl":{"start":{"line":444,"column":16},"end":{"line":444,"column":27}},"loc":{"start":{"line":444,"column":41},"end":{"line":449,"column":null}}},"26":{"name":"isSelect","decl":{"start":{"line":451,"column":16},"end":{"line":451,"column":25}},"loc":{"start":{"line":451,"column":62},"end":{"line":460,"column":null}}},"27":{"name":"(anonymous_27)","decl":{"start":{"line":457,"column":38},"end":{"line":457,"column":50}},"loc":{"start":{"line":457,"column":50},"end":{"line":457,"column":61}}},"28":{"name":"isMultiSelect","decl":{"start":{"line":462,"column":16},"end":{"line":462,"column":30}},"loc":{"start":{"line":462,"column":69},"end":{"line":467,"column":null}}},"29":{"name":"getMatchingOption","decl":{"start":{"line":470,"column":16},"end":{"line":470,"column":null}},"loc":{"start":{"line":473,"column":49},"end":{"line":527,"column":null}}},"30":{"name":"(anonymous_30)","decl":{"start":{"line":489,"column":51},"end":{"line":489,"column":60}},"loc":{"start":{"line":489,"column":60},"end":{"line":489,"column":null}}},"31":{"name":"mergeDefaultsWithFormData","decl":{"start":{"line":529,"column":16},"end":{"line":529,"column":42}},"loc":{"start":{"line":529,"column":70},"end":{"line":552,"column":null}}},"32":{"name":"(anonymous_32)","decl":{"start":{"line":534,"column":24},"end":{"line":534,"column":25}},"loc":{"start":{"line":534,"column":39},"end":{"line":539,"column":null}}},"33":{"name":"(anonymous_33)","decl":{"start":{"line":542,"column":40},"end":{"line":542,"column":41}},"loc":{"start":{"line":542,"column":53},"end":{"line":548,"column":7}}}},"branchMap":{"0":{"loc":{"start":{"line":11,"column":2},"end":{"line":16,"column":null}},"type":"if","locations":[{"start":{"line":11,"column":2},"end":{"line":16,"column":null}},{"start":{"line":11,"column":2},"end":{"line":16,"column":null}}]},"1":{"loc":{"start":{"line":13,"column":19},"end":{"line":13,"column":39}},"type":"binary-expr","locations":[{"start":{"line":13,"column":19},"end":{"line":13,"column":39}},{"start":{"line":13,"column":39},"end":{"line":13,"column":45}},{"start":{"line":13,"column":63},"end":{"line":13,"column":70}}]},"2":{"loc":{"start":{"line":29,"column":59},"end":{"line":29,"column":63}},"type":"default-arg","locations":[{"start":{"line":29,"column":59},"end":{"line":29,"column":63}}]},"3":{"loc":{"start":{"line":29,"column":74},"end":{"line":29,"column":76}},"type":"default-arg","locations":[{"start":{"line":29,"column":74},"end":{"line":29,"column":76}}]},"4":{"loc":{"start":{"line":30,"column":2},"end":{"line":45,"column":null}},"type":"if","locations":[{"start":{"line":30,"column":2},"end":{"line":45,"column":null}},{"start":{"line":30,"column":2},"end":{"line":45,"column":null}}]},"5":{"loc":{"start":{"line":32,"column":9},"end":{"line":45,"column":null}},"type":"if","locations":[{"start":{"line":32,"column":9},"end":{"line":45,"column":null}},{"start":{"line":32,"column":9},"end":{"line":45,"column":null}}]},"6":{"loc":{"start":{"line":35,"column":9},"end":{"line":45,"column":null}},"type":"if","locations":[{"start":{"line":35,"column":9},"end":{"line":45,"column":null}},{"start":{"line":35,"column":9},"end":{"line":45,"column":null}}]},"7":{"loc":{"start":{"line":35,"column":13},"end":{"line":35,"column":28}},"type":"binary-expr","locations":[{"start":{"line":35,"column":13},"end":{"line":35,"column":28}},{"start":{"line":35,"column":48},"end":{"line":35,"column":53}}]},"8":{"loc":{"start":{"line":50,"column":15},"end":{"line":50,"column":null}},"type":"default-arg","locations":[{"start":{"line":50,"column":15},"end":{"line":50,"column":null}}]},"9":{"loc":{"start":{"line":51,"column":18},"end":{"line":51,"column":20}},"type":"default-arg","locations":[{"start":{"line":51,"column":18},"end":{"line":51,"column":20}}]},"10":{"loc":{"start":{"line":53,"column":2},"end":{"line":55,"column":null}},"type":"if","locations":[{"start":{"line":53,"column":2},"end":{"line":55,"column":null}},{"start":{"line":53,"column":2},"end":{"line":55,"column":null}}]},"11":{"loc":{"start":{"line":59,"column":2},"end":{"line":71,"column":null}},"type":"if","locations":[{"start":{"line":59,"column":2},"end":{"line":71,"column":null}},{"start":{"line":59,"column":2},"end":{"line":71,"column":null}}]},"12":{"loc":{"start":{"line":73,"column":4},"end":{"line":73,"column":18}},"type":"binary-expr","locations":[{"start":{"line":73,"column":4},"end":{"line":73,"column":18}},{"start":{"line":74,"column":4},"end":{"line":74,"column":null}}]},"13":{"loc":{"start":{"line":75,"column":2},"end":{"line":82,"column":null}},"type":"if","locations":[{"start":{"line":75,"column":2},"end":{"line":82,"column":null}},{"start":{"line":75,"column":2},"end":{"line":82,"column":null}}]},"14":{"loc":{"start":{"line":90,"column":23},"end":{"line":90,"column":null}},"type":"default-arg","locations":[{"start":{"line":90,"column":23},"end":{"line":90,"column":null}}]},"15":{"loc":{"start":{"line":91,"column":18},"end":{"line":91,"column":20}},"type":"default-arg","locations":[{"start":{"line":91,"column":18},"end":{"line":91,"column":20}}]},"16":{"loc":{"start":{"line":100,"column":4},"end":{"line":103,"column":null}},"type":"if","locations":[{"start":{"line":100,"column":4},"end":{"line":103,"column":null}},{"start":{"line":100,"column":4},"end":{"line":103,"column":null}}]},"17":{"loc":{"start":{"line":106,"column":4},"end":{"line":116,"column":null}},"type":"if","locations":[{"start":{"line":106,"column":4},"end":{"line":116,"column":null}},{"start":{"line":106,"column":4},"end":{"line":116,"column":null}}]},"18":{"loc":{"start":{"line":112,"column":11},"end":{"line":116,"column":null}},"type":"if","locations":[{"start":{"line":112,"column":11},"end":{"line":116,"column":null}},{"start":{"line":112,"column":11},"end":{"line":116,"column":null}}]},"19":{"loc":{"start":{"line":149,"column":64},"end":{"line":149,"column":66}},"type":"default-arg","locations":[{"start":{"line":149,"column":64},"end":{"line":149,"column":66}}]},"20":{"loc":{"start":{"line":151,"column":2},"end":{"line":156,"column":null}},"type":"if","locations":[{"start":{"line":151,"column":2},"end":{"line":156,"column":null}},{"start":{"line":151,"column":2},"end":{"line":156,"column":null}}]},"21":{"loc":{"start":{"line":158,"column":2},"end":{"line":160,"column":null}},"type":"if","locations":[{"start":{"line":158,"column":2},"end":{"line":160,"column":null}},{"start":{"line":158,"column":2},"end":{"line":160,"column":null}}]},"22":{"loc":{"start":{"line":161,"column":2},"end":{"line":164,"column":null}},"type":"if","locations":[{"start":{"line":161,"column":2},"end":{"line":164,"column":null}},{"start":{"line":161,"column":2},"end":{"line":164,"column":null}}]},"23":{"loc":{"start":{"line":175,"column":23},"end":{"line":175,"column":27}},"type":"default-arg","locations":[{"start":{"line":175,"column":23},"end":{"line":175,"column":27}}]},"24":{"loc":{"start":{"line":176,"column":2},"end":{"line":186,"column":null}},"type":"if","locations":[{"start":{"line":176,"column":2},"end":{"line":186,"column":null}},{"start":{"line":176,"column":2},"end":{"line":186,"column":null}}]},"25":{"loc":{"start":{"line":181,"column":9},"end":{"line":186,"column":null}},"type":"if","locations":[{"start":{"line":181,"column":9},"end":{"line":186,"column":null}},{"start":{"line":181,"column":9},"end":{"line":186,"column":null}}]},"26":{"loc":{"start":{"line":198,"column":4},"end":{"line":200,"column":null}},"type":"if","locations":[{"start":{"line":198,"column":4},"end":{"line":200,"column":null}},{"start":{"line":198,"column":4},"end":{"line":200,"column":null}}]},"27":{"loc":{"start":{"line":202,"column":4},"end":{"line":207,"column":null}},"type":"if","locations":[{"start":{"line":202,"column":4},"end":{"line":207,"column":null}},{"start":{"line":202,"column":4},"end":{"line":207,"column":null}}]},"28":{"loc":{"start":{"line":203,"column":6},"end":{"line":203,"column":null}},"type":"binary-expr","locations":[{"start":{"line":203,"column":6},"end":{"line":203,"column":null}},{"start":{"line":204,"column":6},"end":{"line":204,"column":8}}]},"29":{"loc":{"start":{"line":212,"column":4},"end":{"line":222,"column":null}},"type":"if","locations":[{"start":{"line":212,"column":4},"end":{"line":222,"column":null}},{"start":{"line":212,"column":4},"end":{"line":222,"column":null}}]},"30":{"loc":{"start":{"line":214,"column":11},"end":{"line":222,"column":null}},"type":"if","locations":[{"start":{"line":214,"column":11},"end":{"line":222,"column":null}},{"start":{"line":214,"column":11},"end":{"line":222,"column":null}}]},"31":{"loc":{"start":{"line":234,"column":2},"end":{"line":236,"column":null}},"type":"if","locations":[{"start":{"line":234,"column":2},"end":{"line":236,"column":null}},{"start":{"line":234,"column":2},"end":{"line":236,"column":null}}]},"32":{"loc":{"start":{"line":238,"column":6},"end":{"line":238,"column":11}},"type":"cond-expr","locations":[{"start":{"line":238,"column":6},"end":{"line":238,"column":11}},{"start":{"line":239,"column":6},"end":{"line":239,"column":null}}]},"33":{"loc":{"start":{"line":258,"column":2},"end":{"line":262,"column":null}},"type":"if","locations":[{"start":{"line":258,"column":2},"end":{"line":262,"column":null}},{"start":{"line":258,"column":2},"end":{"line":262,"column":null}}]},"34":{"loc":{"start":{"line":260,"column":9},"end":{"line":262,"column":null}},"type":"if","locations":[{"start":{"line":260,"column":9},"end":{"line":262,"column":null}},{"start":{"line":260,"column":9},"end":{"line":262,"column":null}}]},"35":{"loc":{"start":{"line":266,"column":8},"end":{"line":266,"column":25}},"type":"cond-expr","locations":[{"start":{"line":266,"column":8},"end":{"line":266,"column":25}},{"start":{"line":267,"column":8},"end":{"line":267,"column":null}}]},"36":{"loc":{"start":{"line":286,"column":4},"end":{"line":288,"column":null}},"type":"if","locations":[{"start":{"line":286,"column":4},"end":{"line":288,"column":null}},{"start":{"line":286,"column":4},"end":{"line":288,"column":null}}]},"37":{"loc":{"start":{"line":290,"column":4},"end":{"line":300,"column":null}},"type":"if","locations":[{"start":{"line":290,"column":4},"end":{"line":300,"column":null}},{"start":{"line":290,"column":4},"end":{"line":300,"column":null}}]},"38":{"loc":{"start":{"line":302,"column":2},"end":{"line":307,"column":null}},"type":"if","locations":[{"start":{"line":302,"column":2},"end":{"line":307,"column":null}},{"start":{"line":302,"column":2},"end":{"line":307,"column":null}}]},"39":{"loc":{"start":{"line":330,"column":24},"end":{"line":330,"column":29}},"type":"cond-expr","locations":[{"start":{"line":330,"column":24},"end":{"line":330,"column":29}},{"start":{"line":330,"column":36},"end":{"line":330,"column":null}}]},"40":{"loc":{"start":{"line":332,"column":4},"end":{"line":347,"column":null}},"type":"if","locations":[{"start":{"line":332,"column":4},"end":{"line":347,"column":null}},{"start":{"line":332,"column":4},"end":{"line":347,"column":null}}]},"41":{"loc":{"start":{"line":332,"column":8},"end":{"line":332,"column":12}},"type":"binary-expr","locations":[{"start":{"line":332,"column":8},"end":{"line":332,"column":12}},{"start":{"line":332,"column":16},"end":{"line":332,"column":31}},{"start":{"line":332,"column":45},"end":{"line":332,"column":54}}]},"42":{"loc":{"start":{"line":334,"column":11},"end":{"line":347,"column":null}},"type":"if","locations":[{"start":{"line":334,"column":11},"end":{"line":347,"column":null}},{"start":{"line":334,"column":11},"end":{"line":347,"column":null}}]},"43":{"loc":{"start":{"line":335,"column":6},"end":{"line":335,"column":10}},"type":"binary-expr","locations":[{"start":{"line":335,"column":6},"end":{"line":335,"column":10}},{"start":{"line":336,"column":6},"end":{"line":336,"column":null}},{"start":{"line":337,"column":7},"end":{"line":337,"column":43}},{"start":{"line":337,"column":43},"end":{"line":337,"column":null}},{"start":{"line":338,"column":6},"end":{"line":338,"column":null}},{"start":{"line":339,"column":6},"end":{"line":339,"column":11}},{"start":{"line":340,"column":6},"end":{"line":340,"column":11}}]},"44":{"loc":{"start":{"line":356,"column":2},"end":{"line":356,"column":23}},"type":"if","locations":[{"start":{"line":356,"column":2},"end":{"line":356,"column":23}},{"start":{"line":356,"column":2},"end":{"line":356,"column":23}}]},"45":{"loc":{"start":{"line":357,"column":9},"end":{"line":357,"column":24}},"type":"binary-expr","locations":[{"start":{"line":357,"column":9},"end":{"line":357,"column":24}},{"start":{"line":357,"column":24},"end":{"line":357,"column":null}}]},"46":{"loc":{"start":{"line":361,"column":9},"end":{"line":361,"column":38}},"type":"binary-expr","locations":[{"start":{"line":361,"column":9},"end":{"line":361,"column":38}},{"start":{"line":361,"column":38},"end":{"line":361,"column":56}},{"start":{"line":361,"column":56},"end":{"line":361,"column":62}}]},"47":{"loc":{"start":{"line":365,"column":9},"end":{"line":365,"column":18}},"type":"binary-expr","locations":[{"start":{"line":365,"column":9},"end":{"line":365,"column":18}},{"start":{"line":365,"column":28},"end":{"line":365,"column":null}}]},"48":{"loc":{"start":{"line":380,"column":2},"end":{"line":382,"column":null}},"type":"if","locations":[{"start":{"line":380,"column":2},"end":{"line":382,"column":null}},{"start":{"line":380,"column":2},"end":{"line":382,"column":null}}]},"49":{"loc":{"start":{"line":380,"column":6},"end":{"line":380,"column":15}},"type":"binary-expr","locations":[{"start":{"line":380,"column":6},"end":{"line":380,"column":15}},{"start":{"line":380,"column":15},"end":{"line":380,"column":29}}]},"50":{"loc":{"start":{"line":384,"column":2},"end":{"line":386,"column":null}},"type":"if","locations":[{"start":{"line":384,"column":2},"end":{"line":386,"column":null}},{"start":{"line":384,"column":2},"end":{"line":386,"column":null}}]},"51":{"loc":{"start":{"line":384,"column":6},"end":{"line":384,"column":15}},"type":"binary-expr","locations":[{"start":{"line":384,"column":6},"end":{"line":384,"column":15}},{"start":{"line":384,"column":15},"end":{"line":384,"column":28}}]},"52":{"loc":{"start":{"line":388,"column":2},"end":{"line":390,"column":null}},"type":"if","locations":[{"start":{"line":388,"column":2},"end":{"line":390,"column":null}},{"start":{"line":388,"column":2},"end":{"line":390,"column":null}}]},"53":{"loc":{"start":{"line":388,"column":6},"end":{"line":388,"column":16}},"type":"binary-expr","locations":[{"start":{"line":388,"column":6},"end":{"line":388,"column":16}},{"start":{"line":388,"column":16},"end":{"line":388,"column":37}},{"start":{"line":388,"column":37},"end":{"line":388,"column":67}}]},"54":{"loc":{"start":{"line":393,"column":2},"end":{"line":395,"column":null}},"type":"if","locations":[{"start":{"line":393,"column":2},"end":{"line":395,"column":null}},{"start":{"line":393,"column":2},"end":{"line":395,"column":null}}]},"55":{"loc":{"start":{"line":393,"column":6},"end":{"line":393,"column":28}},"type":"binary-expr","locations":[{"start":{"line":393,"column":6},"end":{"line":393,"column":28}},{"start":{"line":393,"column":28},"end":{"line":393,"column":46}},{"start":{"line":393,"column":46},"end":{"line":393,"column":47}}]},"56":{"loc":{"start":{"line":427,"column":2},"end":{"line":439,"column":null}},"type":"if","locations":[{"start":{"line":427,"column":2},"end":{"line":439,"column":null}},{"start":{"line":427,"column":2},"end":{"line":439,"column":null}}]},"57":{"loc":{"start":{"line":429,"column":9},"end":{"line":439,"column":null}},"type":"if","locations":[{"start":{"line":429,"column":9},"end":{"line":439,"column":null}},{"start":{"line":429,"column":9},"end":{"line":439,"column":null}}]},"58":{"loc":{"start":{"line":431,"column":9},"end":{"line":439,"column":null}},"type":"if","locations":[{"start":{"line":431,"column":9},"end":{"line":439,"column":null}},{"start":{"line":431,"column":9},"end":{"line":439,"column":null}}]},"59":{"loc":{"start":{"line":433,"column":9},"end":{"line":439,"column":null}},"type":"if","locations":[{"start":{"line":433,"column":9},"end":{"line":439,"column":null}},{"start":{"line":433,"column":9},"end":{"line":439,"column":null}}]},"60":{"loc":{"start":{"line":435,"column":9},"end":{"line":439,"column":null}},"type":"if","locations":[{"start":{"line":435,"column":9},"end":{"line":439,"column":null}},{"start":{"line":435,"column":9},"end":{"line":439,"column":null}}]},"61":{"loc":{"start":{"line":437,"column":9},"end":{"line":439,"column":null}},"type":"if","locations":[{"start":{"line":437,"column":9},"end":{"line":439,"column":null}},{"start":{"line":437,"column":9},"end":{"line":439,"column":null}}]},"62":{"loc":{"start":{"line":446,"column":5},"end":{"line":446,"column":10}},"type":"binary-expr","locations":[{"start":{"line":446,"column":5},"end":{"line":446,"column":10}},{"start":{"line":446,"column":35},"end":{"line":446,"column":null}},{"start":{"line":447,"column":4},"end":{"line":447,"column":10}}]},"63":{"loc":{"start":{"line":451,"column":60},"end":{"line":451,"column":62}},"type":"default-arg","locations":[{"start":{"line":451,"column":60},"end":{"line":451,"column":62}}]},"64":{"loc":{"start":{"line":453,"column":21},"end":{"line":453,"column":37}},"type":"binary-expr","locations":[{"start":{"line":453,"column":21},"end":{"line":453,"column":37}},{"start":{"line":453,"column":37},"end":{"line":453,"column":null}}]},"65":{"loc":{"start":{"line":454,"column":2},"end":{"line":458,"column":null}},"type":"if","locations":[{"start":{"line":454,"column":2},"end":{"line":458,"column":null}},{"start":{"line":454,"column":2},"end":{"line":458,"column":null}}]},"66":{"loc":{"start":{"line":456,"column":9},"end":{"line":458,"column":null}},"type":"if","locations":[{"start":{"line":456,"column":9},"end":{"line":458,"column":null}},{"start":{"line":456,"column":9},"end":{"line":458,"column":null}}]},"67":{"loc":{"start":{"line":462,"column":67},"end":{"line":462,"column":69}},"type":"default-arg","locations":[{"start":{"line":462,"column":67},"end":{"line":462,"column":69}}]},"68":{"loc":{"start":{"line":463,"column":2},"end":{"line":465,"column":null}},"type":"if","locations":[{"start":{"line":463,"column":2},"end":{"line":465,"column":null}},{"start":{"line":463,"column":2},"end":{"line":465,"column":null}}]},"69":{"loc":{"start":{"line":463,"column":6},"end":{"line":463,"column":29}},"type":"binary-expr","locations":[{"start":{"line":463,"column":6},"end":{"line":463,"column":29}},{"start":{"line":463,"column":29},"end":{"line":463,"column":44}}]},"70":{"loc":{"start":{"line":485,"column":4},"end":{"line":524,"column":null}},"type":"if","locations":[{"start":{"line":485,"column":4},"end":{"line":524,"column":null}},{"start":{"line":485,"column":4},"end":{"line":524,"column":null}}]},"71":{"loc":{"start":{"line":497,"column":6},"end":{"line":513,"column":null}},"type":"if","locations":[{"start":{"line":497,"column":6},"end":{"line":513,"column":null}},{"start":{"line":497,"column":6},"end":{"line":513,"column":null}}]},"72":{"loc":{"start":{"line":501,"column":8},"end":{"line":506,"column":null}},"type":"if","locations":[{"start":{"line":501,"column":8},"end":{"line":506,"column":null}},{"start":{"line":501,"column":8},"end":{"line":506,"column":null}}]},"73":{"loc":{"start":{"line":519,"column":6},"end":{"line":521,"column":null}},"type":"if","locations":[{"start":{"line":519,"column":6},"end":{"line":521,"column":null}},{"start":{"line":519,"column":6},"end":{"line":521,"column":null}}]},"74":{"loc":{"start":{"line":522,"column":11},"end":{"line":524,"column":null}},"type":"if","locations":[{"start":{"line":522,"column":11},"end":{"line":524,"column":null}},{"start":{"line":522,"column":11},"end":{"line":524,"column":null}}]},"75":{"loc":{"start":{"line":530,"column":2},"end":{"line":551,"column":null}},"type":"if","locations":[{"start":{"line":530,"column":2},"end":{"line":551,"column":null}},{"start":{"line":530,"column":2},"end":{"line":551,"column":null}}]},"76":{"loc":{"start":{"line":531,"column":4},"end":{"line":533,"column":null}},"type":"if","locations":[{"start":{"line":531,"column":4},"end":{"line":533,"column":null}},{"start":{"line":531,"column":4},"end":{"line":533,"column":null}}]},"77":{"loc":{"start":{"line":535,"column":6},"end":{"line":537,"column":null}},"type":"if","locations":[{"start":{"line":535,"column":6},"end":{"line":537,"column":null}},{"start":{"line":535,"column":6},"end":{"line":537,"column":null}}]},"78":{"loc":{"start":{"line":540,"column":9},"end":{"line":551,"column":null}},"type":"if","locations":[{"start":{"line":540,"column":9},"end":{"line":551,"column":null}},{"start":{"line":540,"column":9},"end":{"line":551,"column":null}}]},"79":{"loc":{"start":{"line":544,"column":19},"end":{"line":544,"column":28}},"type":"cond-expr","locations":[{"start":{"line":544,"column":19},"end":{"line":544,"column":28}},{"start":{"line":544,"column":35},"end":{"line":544,"column":null}}]},"80":{"loc":{"start":{"line":560,"column":2},"end":{"line":562,"column":null}},"type":"if","locations":[{"start":{"line":560,"column":2},"end":{"line":562,"column":null}},{"start":{"line":560,"column":2},"end":{"line":562,"column":null}}]},"81":{"loc":{"start":{"line":573,"column":2},"end":{"line":576,"column":null}},"type":"if","locations":[{"start":{"line":573,"column":2},"end":{"line":576,"column":null}},{"start":{"line":573,"column":2},"end":{"line":576,"column":null}}]},"82":{"loc":{"start":{"line":577,"column":2},"end":{"line":579,"column":null}},"type":"if","locations":[{"start":{"line":577,"column":2},"end":{"line":579,"column":null}},{"start":{"line":577,"column":2},"end":{"line":579,"column":null}}]},"83":{"loc":{"start":{"line":577,"column":6},"end":{"line":577,"column":15}},"type":"binary-expr","locations":[{"start":{"line":577,"column":6},"end":{"line":577,"column":15}},{"start":{"line":577,"column":28},"end":{"line":577,"column":33}}]},"84":{"loc":{"start":{"line":580,"column":2},"end":{"line":582,"column":null}},"type":"if","locations":[{"start":{"line":580,"column":2},"end":{"line":582,"column":null}},{"start":{"line":580,"column":2},"end":{"line":582,"column":null}}]},"85":{"loc":{"start":{"line":580,"column":6},"end":{"line":580,"column":24}},"type":"binary-expr","locations":[{"start":{"line":580,"column":6},"end":{"line":580,"column":24}},{"start":{"line":580,"column":24},"end":{"line":580,"column":46}},{"start":{"line":580,"column":46},"end":{"line":580,"column":63}}]},"86":{"loc":{"start":{"line":583,"column":9},"end":{"line":583,"column":17}},"type":"binary-expr","locations":[{"start":{"line":583,"column":9},"end":{"line":583,"column":17}},{"start":{"line":583,"column":21},"end":{"line":583,"column":null}}]}},"s":{"0":3,"1":3,"2":3,"3":0,"4":0,"5":0,"6":0,"7":0,"8":20,"9":0,"10":20,"11":0,"12":0,"13":20,"14":0,"15":0,"16":20,"17":20,"18":0,"19":20,"20":20,"21":0,"22":0,"23":0,"24":0,"25":0,"26":20,"27":20,"28":0,"29":20,"30":3,"31":0,"32":0,"33":0,"34":0,"35":0,"36":0,"37":0,"38":0,"39":0,"40":0,"41":0,"42":0,"43":0,"44":0,"45":0,"46":0,"47":0,"48":0,"49":0,"50":0,"51":0,"52":0,"53":0,"54":0,"55":0,"56":0,"57":0,"58":0,"59":0,"60":0,"61":0,"62":0,"63":0,"64":0,"65":0,"66":0,"67":0,"68":0,"69":0,"70":0,"71":0,"72":0,"73":0,"74":0,"75":0,"76":0,"77":0,"78":0,"79":0,"80":0,"81":0,"82":0,"83":0,"84":0,"85":0,"86":0,"87":0,"88":0,"89":0,"90":0,"91":0,"92":0,"93":0,"94":0,"95":0,"96":0,"97":0,"98":0,"99":0,"100":0,"101":0,"102":0,"103":0,"104":0,"105":0,"106":0,"107":0,"108":0,"109":0,"110":0,"111":0,"112":0,"113":29,"114":0,"115":60,"116":0,"117":0,"118":0,"119":0,"120":0,"121":0,"122":0,"123":0,"124":0,"125":0,"126":0,"127":0,"128":3,"129":0,"130":0,"131":0,"132":0,"133":0,"134":0,"135":0,"136":0,"137":0,"138":0,"139":0,"140":0,"141":0,"142":0,"143":0,"144":0,"145":0,"146":0,"147":0,"148":0,"149":0,"150":0,"151":0,"152":0,"153":0,"154":0,"155":0,"156":0,"157":0,"158":0,"159":0,"160":0,"161":0,"162":0,"163":0,"164":0,"165":0,"166":0,"167":0,"168":0,"169":0,"170":0,"171":0,"172":0,"173":0,"174":0,"175":0,"176":0,"177":0,"178":0,"179":0,"180":0,"181":0,"182":0,"183":0,"184":0,"185":0,"186":0,"187":0,"188":0,"189":0,"190":0,"191":0,"192":0,"193":0,"194":0,"195":0,"196":0},"f":{"0":0,"1":0,"2":20,"3":0,"4":20,"5":0,"6":0,"7":0,"8":0,"9":0,"10":0,"11":0,"12":0,"13":0,"14":0,"15":0,"16":0,"17":0,"18":0,"19":29,"20":0,"21":60,"22":0,"23":0,"24":0,"25":0,"26":0,"27":0,"28":0,"29":0,"30":0,"31":0,"32":0,"33":0},"b":{"0":[0,0],"1":[0,0,0],"2":[0],"3":[0],"4":[0,20],"5":[0,20],"6":[0,20],"7":[20,0],"8":[0],"9":[8],"10":[0,20],"11":[0,20],"12":[20,0],"13":[0,20],"14":[0],"15":[0],"16":[0,0],"17":[0,0],"18":[0,0],"19":[0],"20":[0,0],"21":[0,0],"22":[0,0],"23":[0],"24":[0,0],"25":[0,0],"26":[0,0],"27":[0,0],"28":[0,0],"29":[0,0],"30":[0,0],"31":[0,0],"32":[0,0],"33":[0,0],"34":[0,0],"35":[0,0],"36":[0,0],"37":[0,0],"38":[0,0],"39":[0,0],"40":[0,0],"41":[0,0,0],"42":[0,0],"43":[0,0,0,0,0,0,0],"44":[0,0],"45":[0,0],"46":[29,29,29],"47":[0,0],"48":[0,0],"49":[0,0],"50":[0,0],"51":[0,0],"52":[0,0],"53":[0,0,0],"54":[0,0],"55":[0,0,0],"56":[0,0],"57":[0,0],"58":[0,0],"59":[0,0],"60":[0,0],"61":[0,0],"62":[0,0,0],"63":[0],"64":[0,0],"65":[0,0],"66":[0,0],"67":[0],"68":[0,0],"69":[0,0],"70":[0,0],"71":[0,0],"72":[0,0],"73":[0,0],"74":[0,0],"75":[0,0],"76":[0,0],"77":[0,0],"78":[0,0],"79":[0,0],"80":[0,0],"81":[0,0],"82":[0,0],"83":[0,0],"84":[0,0],"85":[0,0,0],"86":[0,0]}}
,"/Users/jason_liang/Documents/Code/MOOC/Vue3.0/vue3-jsonschema-form/lib/validator.ts": {"path":"/Users/jason_liang/Documents/Code/MOOC/Vue3.0/vue3-jsonschema-form/lib/validator.ts","statementMap":{"0":{"start":{"line":2,"column":0},"end":{"line":2,"column":null}},"1":{"start":{"line":4,"column":0},"end":{"line":4,"column":null}},"2":{"start":{"line":5,"column":13},"end":{"line":5,"column":21}},"3":{"start":{"line":24,"column":2},"end":{"line":24,"column":34}},"4":{"start":{"line":24,"column":27},"end":{"line":24,"column":34}},"5":{"start":{"line":26,"column":2},"end":{"line":26,"column":9}},"6":{"start":{"line":27,"column":4},"end":{"line":27,"column":11}},"7":{"start":{"line":38,"column":2},"end":{"line":38,"column":34}},"8":{"start":{"line":38,"column":27},"end":{"line":38,"column":34}},"9":{"start":{"line":40,"column":2},"end":{"line":40,"column":9}},"10":{"start":{"line":41,"column":34},"end":{"line":41,"column":null}},"11":{"start":{"line":42,"column":17},"end":{"line":42,"column":24}},"12":{"start":{"line":43,"column":17},"end":{"line":43,"column":null}},"13":{"start":{"line":45,"column":4},"end":{"line":47,"column":null}},"14":{"start":{"line":46,"column":6},"end":{"line":46,"column":10}},"15":{"start":{"line":49,"column":4},"end":{"line":54,"column":null}},"16":{"start":{"line":50,"column":6},"end":{"line":52,"column":null}},"17":{"start":{"line":51,"column":10},"end":{"line":51,"column":24}},"18":{"start":{"line":53,"column":6},"end":{"line":53,"column":12}},"19":{"start":{"line":56,"column":4},"end":{"line":62,"column":null}},"20":{"start":{"line":57,"column":6},"end":{"line":57,"column":12}},"21":{"start":{"line":59,"column":6},"end":{"line":61,"column":null}},"22":{"start":{"line":60,"column":8},"end":{"line":60,"column":14}},"23":{"start":{"line":64,"column":4},"end":{"line":64,"column":11}},"24":{"start":{"line":75,"column":24},"end":{"line":75,"column":null}},"25":{"start":{"line":77,"column":2},"end":{"line":81,"column":null}},"26":{"start":{"line":78,"column":4},"end":{"line":78,"column":13}},"27":{"start":{"line":80,"column":4},"end":{"line":80,"column":19}},"28":{"start":{"line":83,"column":2},"end":{"line":83,"column":6}},"29":{"start":{"line":85,"column":15},"end":{"line":85,"column":31}},"30":{"start":{"line":87,"column":2},"end":{"line":94,"column":null}},"31":{"start":{"line":88,"column":4},"end":{"line":88,"column":10}},"32":{"start":{"line":96,"column":22},"end":{"line":96,"column":36}},"33":{"start":{"line":98,"column":2},"end":{"line":104,"column":null}},"34":{"start":{"line":99,"column":4},"end":{"line":99,"column":11}},"35":{"start":{"line":106,"column":33},"end":{"line":106,"column":50}},"36":{"start":{"line":107,"column":2},"end":{"line":107,"column":8}},"37":{"start":{"line":109,"column":26},"end":{"line":109,"column":32}},"38":{"start":{"line":110,"column":25},"end":{"line":110,"column":38}},"39":{"start":{"line":112,"column":2},"end":{"line":112,"column":9}},"40":{"start":{"line":120,"column":2},"end":{"line":120,"column":9}},"41":{"start":{"line":124,"column":2},"end":{"line":124,"column":9}},"42":{"start":{"line":126,"column":6},"end":{"line":132,"column":null}},"43":{"start":{"line":127,"column":8},"end":{"line":127,"column":15}},"44":{"start":{"line":128,"column":25},"end":{"line":128,"column":null}},"45":{"start":{"line":129,"column":10},"end":{"line":130,"column":16}},"46":{"start":{"line":129,"column":26},"end":{"line":129,"column":27}},"47":{"start":{"line":130,"column":15},"end":{"line":130,"column":16}},"48":{"start":{"line":134,"column":6},"end":{"line":136,"column":null}},"49":{"start":{"line":135,"column":8},"end":{"line":135,"column":15}},"50":{"start":{"line":138,"column":18},"end":{"line":138,"column":25}},"51":{"start":{"line":140,"column":6},"end":{"line":144,"column":null}},"52":{"start":{"line":141,"column":27},"end":{"line":141,"column":44}},"53":{"start":{"line":142,"column":10},"end":{"line":142,"column":24}},"54":{"start":{"line":143,"column":8},"end":{"line":143,"column":15}},"55":{"start":{"line":146,"column":6},"end":{"line":146,"column":13}},"56":{"start":{"line":152,"column":14},"end":{"line":152,"column":20}},"57":{"start":{"line":154,"column":2},"end":{"line":154,"column":9}},"58":{"start":{"line":155,"column":17},"end":{"line":155,"column":null}},"59":{"start":{"line":156,"column":14},"end":{"line":156,"column":19}},"60":{"start":{"line":158,"column":4},"end":{"line":164,"column":null}},"61":{"start":{"line":159,"column":6},"end":{"line":159,"column":9}},"62":{"start":{"line":160,"column":11},"end":{"line":164,"column":null}},"63":{"start":{"line":161,"column":6},"end":{"line":161,"column":9}},"64":{"start":{"line":163,"column":6},"end":{"line":163,"column":9}},"65":{"start":{"line":166,"column":4},"end":{"line":166,"column":11}}},"fnMap":{"0":{"name":"transformErrors","decl":{"start":{"line":21,"column":9},"end":{"line":21,"column":null}},"loc":{"start":{"line":22,"column":46},"end":{"line":35,"column":null}}},"1":{"name":"(anonymous_1)","decl":{"start":{"line":26,"column":20},"end":{"line":26,"column":21}},"loc":{"start":{"line":26,"column":75},"end":{"line":34,"column":null}}},"2":{"name":"toErrorSchema","decl":{"start":{"line":37,"column":9},"end":{"line":37,"column":23}},"loc":{"start":{"line":37,"column":55},"end":{"line":66,"column":null}}},"3":{"name":"(anonymous_3)","decl":{"start":{"line":40,"column":23},"end":{"line":40,"column":24}},"loc":{"start":{"line":40,"column":46},"end":{"line":65,"column":5}}},"4":{"name":"validateFormData","decl":{"start":{"line":68,"column":22},"end":{"line":68,"column":null}},"loc":{"start":{"line":73,"column":51},"end":{"line":117,"column":null}}},"5":{"name":"toRaw","decl":{"start":{"line":119,"column":9},"end":{"line":119,"column":15}},"loc":{"start":{"line":119,"column":21},"end":{"line":121,"column":null}}},"6":{"name":"createErrorProxy","decl":{"start":{"line":123,"column":9},"end":{"line":123,"column":26}},"loc":{"start":{"line":123,"column":42},"end":{"line":149,"column":null}}},"7":{"name":"(anonymous_7)","decl":{"start":{"line":125,"column":4},"end":{"line":125,"column":7}},"loc":{"start":{"line":125,"column":29},"end":{"line":147,"column":null}}},"8":{"name":"(anonymous_8)","decl":{"start":{"line":127,"column":16},"end":{"line":127,"column":35}},"loc":{"start":{"line":127,"column":35},"end":{"line":131,"column":null}}},"9":{"name":"mergeObjects","decl":{"start":{"line":151,"column":16},"end":{"line":151,"column":29}},"loc":{"start":{"line":151,"column":71},"end":{"line":168,"column":null}}},"10":{"name":"(anonymous_10)","decl":{"start":{"line":154,"column":34},"end":{"line":154,"column":35}},"loc":{"start":{"line":154,"column":47},"end":{"line":167,"column":5}}}},"branchMap":{"0":{"loc":{"start":{"line":24,"column":2},"end":{"line":24,"column":34}},"type":"if","locations":[{"start":{"line":24,"column":2},"end":{"line":24,"column":34}},{"start":{"line":24,"column":2},"end":{"line":24,"column":34}}]},"1":{"loc":{"start":{"line":38,"column":2},"end":{"line":38,"column":34}},"type":"if","locations":[{"start":{"line":38,"column":2},"end":{"line":38,"column":34}},{"start":{"line":38,"column":2},"end":{"line":38,"column":34}}]},"2":{"loc":{"start":{"line":45,"column":4},"end":{"line":47,"column":null}},"type":"if","locations":[{"start":{"line":45,"column":4},"end":{"line":47,"column":null}},{"start":{"line":45,"column":4},"end":{"line":47,"column":null}}]},"3":{"loc":{"start":{"line":45,"column":8},"end":{"line":45,"column":27}},"type":"binary-expr","locations":[{"start":{"line":45,"column":8},"end":{"line":45,"column":27}},{"start":{"line":45,"column":27},"end":{"line":45,"column":43}}]},"4":{"loc":{"start":{"line":50,"column":6},"end":{"line":52,"column":null}},"type":"if","locations":[{"start":{"line":50,"column":6},"end":{"line":52,"column":null}},{"start":{"line":50,"column":6},"end":{"line":52,"column":null}}]},"5":{"loc":{"start":{"line":56,"column":4},"end":{"line":62,"column":null}},"type":"if","locations":[{"start":{"line":56,"column":4},"end":{"line":62,"column":null}},{"start":{"line":56,"column":4},"end":{"line":62,"column":null}}]},"6":{"loc":{"start":{"line":57,"column":47},"end":{"line":57,"column":54}},"type":"binary-expr","locations":[{"start":{"line":57,"column":47},"end":{"line":57,"column":54}},{"start":{"line":57,"column":58},"end":{"line":57,"column":null}}]},"7":{"loc":{"start":{"line":59,"column":6},"end":{"line":61,"column":null}},"type":"if","locations":[{"start":{"line":59,"column":6},"end":{"line":61,"column":null}},{"start":{"line":59,"column":6},"end":{"line":61,"column":null}}]},"8":{"loc":{"start":{"line":72,"column":11},"end":{"line":72,"column":null}},"type":"default-arg","locations":[{"start":{"line":72,"column":11},"end":{"line":72,"column":null}}]},"9":{"loc":{"start":{"line":87,"column":2},"end":{"line":94,"column":null}},"type":"if","locations":[{"start":{"line":87,"column":2},"end":{"line":94,"column":null}},{"start":{"line":87,"column":2},"end":{"line":94,"column":null}}]},"10":{"loc":{"start":{"line":98,"column":2},"end":{"line":104,"column":null}},"type":"if","locations":[{"start":{"line":98,"column":2},"end":{"line":104,"column":null}},{"start":{"line":98,"column":2},"end":{"line":104,"column":null}}]},"11":{"loc":{"start":{"line":123,"column":40},"end":{"line":123,"column":42}},"type":"default-arg","locations":[{"start":{"line":123,"column":40},"end":{"line":123,"column":42}}]},"12":{"loc":{"start":{"line":126,"column":6},"end":{"line":132,"column":null}},"type":"if","locations":[{"start":{"line":126,"column":6},"end":{"line":132,"column":null}},{"start":{"line":126,"column":6},"end":{"line":132,"column":null}}]},"13":{"loc":{"start":{"line":129,"column":10},"end":{"line":130,"column":16}},"type":"if","locations":[{"start":{"line":129,"column":10},"end":{"line":130,"column":16}},{"start":{"line":129,"column":10},"end":{"line":130,"column":16}}]},"14":{"loc":{"start":{"line":134,"column":6},"end":{"line":136,"column":null}},"type":"if","locations":[{"start":{"line":134,"column":6},"end":{"line":136,"column":null}},{"start":{"line":134,"column":6},"end":{"line":136,"column":null}}]},"15":{"loc":{"start":{"line":140,"column":6},"end":{"line":144,"column":null}},"type":"if","locations":[{"start":{"line":140,"column":6},"end":{"line":144,"column":null}},{"start":{"line":140,"column":6},"end":{"line":144,"column":null}}]},"16":{"loc":{"start":{"line":151,"column":66},"end":{"line":151,"column":71}},"type":"default-arg","locations":[{"start":{"line":151,"column":66},"end":{"line":151,"column":71}}]},"17":{"loc":{"start":{"line":155,"column":24},"end":{"line":155,"column":29}},"type":"cond-expr","locations":[{"start":{"line":155,"column":24},"end":{"line":155,"column":29}},{"start":{"line":155,"column":36},"end":{"line":155,"column":null}}]},"18":{"loc":{"start":{"line":158,"column":4},"end":{"line":164,"column":null}},"type":"if","locations":[{"start":{"line":158,"column":4},"end":{"line":164,"column":null}},{"start":{"line":158,"column":4},"end":{"line":164,"column":null}}]},"19":{"loc":{"start":{"line":158,"column":8},"end":{"line":158,"column":12}},"type":"binary-expr","locations":[{"start":{"line":158,"column":8},"end":{"line":158,"column":12}},{"start":{"line":158,"column":16},"end":{"line":158,"column":20}},{"start":{"line":158,"column":44},"end":{"line":158,"column":53}}]},"20":{"loc":{"start":{"line":160,"column":11},"end":{"line":164,"column":null}},"type":"if","locations":[{"start":{"line":160,"column":11},"end":{"lin
[...]
lds/StringField.tsx","statementMap":{"0":{"start":{"line":1,"column":0},"end":{"line":1,"column":null}},"1":{"start":{"line":2,"column":0},"end":{"line":2,"column":null}},"2":{"start":{"line":3,"column":0},"end":{"line":3,"column":null}},"3":{"start":{"line":5,"column":15},"end":{"line":5,"column":31}},"4":{"start":{"line":10,"column":26},"end":{"line":12,"column":null}},"5":{"start":{"line":11,"column":6},"end":{"line":11,"column":11}},"6":{"start":{"line":14,"column":26},"end":{"line":14,"column":35}},"7":{"start":{"line":15,"column":24},"end":{"line":15,"column":34}},"8":{"start":{"line":16,"column":6},"end":{"line":16,"column":13}},"9":{"start":{"line":19,"column":29},"end":{"line":19,"column":38}},"10":{"start":{"line":20,"column":53},"end":{"line":20,"column":null}},"11":{"start":{"line":21,"column":6},"end":{"line":21,"column":13}},"12":{"start":{"line":24,"column":4},"end":{"line":24,"column":11}},"13":{"start":{"line":25,"column":25},"end":{"line":25,"column":null}},"14":{"start":{"line":26,"column":45},"end":{"line":26,"column":null}},"15":{"start":{"line":28,"column":6},"end":{"line":28,"column":null}}},"fnMap":{"0":{"name":"(anonymous_0)","decl":{"start":{"line":9,"column":2},"end":{"line":9,"column":7}},"loc":{"start":{"line":9,"column":13},"end":{"line":38,"column":null}}},"1":{"name":"(anonymous_1)","decl":{"start":{"line":10,"column":26},"end":{"line":10,"column":39}},"loc":{"start":{"line":10,"column":39},"end":{"line":12,"column":null}}},"2":{"name":"(anonymous_2)","decl":{"start":{"line":14,"column":35},"end":{"line":14,"column":40}},"loc":{"start":{"line":14,"column":40},"end":{"line":17,"column":null}}},"3":{"name":"(anonymous_3)","decl":{"start":{"line":19,"column":38},"end":{"line":19,"column":43}},"loc":{"start":{"line":19,"column":43},"end":{"line":22,"column":null}}},"4":{"name":"(anonymous_4)","decl":{"start":{"line":24,"column":11},"end":{"line":24,"column":16}},"loc":{"start":{"line":24,"column":16},"end":{"line":37,"column":null}}}},"branchMap":{},"s":{"0":3,"1":3,"2":3,"3":3,"4":6,"5":0,"6":6,"7":9,"8":9,"9":6,"10":9,"11":9,"12":6,"13":9,"14":9,"15":9},"f":{"0":6,"1":0,"2":9,"3":9,"4":9},"b":{}}
,"/Users/jason_liang/Documents/Code/MOOC/Vue3.0/vue3-jsonschema-form/lib/theme-default/FormItem.tsx": {"path":"/Users/jason_liang/Documents/Code/MOOC/Vue3.0/vue3-jsonschema-form/lib/theme-default/FormItem.tsx","statementMap":{"0":{"start":{"line":1,"column":0},"end":{"line":1,"column":null}},"1":{"start":{"line":2,"column":0},"end":{"line":2,"column":null}},"2":{"start":{"line":3,"column":0},"end":{"line":3,"column":null}},"3":{"start":{"line":5,"column":18},"end":{"line":5,"column":34}},"4":{"start":{"line":19,"column":17},"end":{"line":19,"column":33}},"5":{"start":{"line":24,"column":23},"end":{"line":24,"column":null}},"6":{"start":{"line":26,"column":4},"end":{"line":26,"column":11}},"7":{"start":{"line":27,"column":33},"end":{"line":27,"column":null}},"8":{"start":{"line":28,"column":22},"end":{"line":28,"column":null}},"9":{"start":{"line":30,"column":6},"end":{"line":30,"column":null}},"10":{"start":{"line":38,"column":14},"end":{"line":38,"column":19}},"11":{"start":{"line":47,"column":15},"end":{"line":47,"column":null}},"12":{"start":{"line":50,"column":2},"end":{"line":50,"column":9}},"13":{"start":{"line":55,"column":6},"end":{"line":55,"column":13}},"14":{"start":{"line":56,"column":8},"end":{"line":56,"column":null}},"15":{"start":{"line":57,"column":10},"end":{"line":57,"column":24}}},"fnMap":{"0":{"name":"(anonymous_1)","decl":{"start":{"line":23,"column":2},"end":{"line":23,"column":7}},"loc":{"start":{"line":23,"column":24},"end":{"line":44,"column":null}}},"1":{"name":"(anonymous_2)","decl":{"start":{"line":26,"column":11},"end":{"line":26,"column":16}},"loc":{"start":{"line":26,"column":16},"end":{"line":43,"column":null}}},"2":{"name":"(anonymous_3)","decl":{"start":{"line":37,"column":26},"end":{"line":37,"column":null}},"loc":{"start":{"line":38,"column":14},"end":{"line":38,"column":19}}},"3":{"name":"(anonymous_4)","decl":{"start":{"line":38,"column":14},"end":{"line":38,"column":19}},"loc":{"start":{"line":38,"column":14},"end":{"line":38,"column":19}}},"4":{"name":"withFormItem","decl":{"start":{"line":49,"column":16},"end":{"line":49,"column":29}},"loc":{"start":{"line":49,"column":40},"end":{"line":64,"column":null}}},"5":{"name":"(anonymous_6)","decl":{"start":{"line":54,"column":4},"end":{"line":54,"column":9}},"loc":{"start":{"line":54,"column":26},"end":{"line":62,"column":null}}},"6":{"name":"(anonymous_7)","decl":{"start":{"line":55,"column":13},"end":{"line":55,"column":18}},"loc":{"start":{"line":55,"column":18},"end":{"line":61,"column":null}}},"7":{"name":"(anonymous_8)","decl":{"start":{"line":57,"column":10},"end":{"line":57,"column":24}},"loc":{"start":{"line":57,"column":10},"end":{"line":57,"column":24}}}},"branchMap":{"0":{"loc":{"start":{"line":34,"column":11},"end":{"line":34,"column":28}},"type":"binary-expr","locations":[{"start":{"line":34,"column":11},"end":{"line":34,"column":28}},{"start":{"line":34,"column":28},"end":{"line":34,"column":33}}]},"1":{"loc":{"start":{"line":38,"column":19},"end":{"line":38,"column":null}},"type":"cond-expr","locations":[{"start":{"line":38,"column":19},"end":{"line":38,"column":null}},{"start":{"line":38,"column":14},"end":{"line":38,"column":19}}]},"2":{"loc":{"start":{"line":57,"column":10},"end":{"line":57,"column":24}},"type":"cond-expr","locations":[{"start":{"line":57,"column":10},"end":{"line":57,"column":24}},{"start":{"line":57,"column":10},"end":{"line":57,"column":24}}]}},"s":{"0":3,"1":3,"2":3,"3":3,"4":3,"5":12,"6":12,"7":16,"8":16,"9":16,"10":0,"11":3,"12":9,"13":12,"14":16,"15":16},"f":{"0":12,"1":16,"2":0,"3":0,"4":9,"5":12,"6":16,"7":16},"b":{"0":[16,16],"1":[0,0],"2":[0,16]}}
,"/Users/jason_liang/Documents/Code/MOOC/Vue3.0/vue3-jsonschema-form/lib/theme-default/NumberWidget.tsx": {"path":"/Users/jason_liang/Documents/Code/MOOC/Vue3.0/vue3-jsonschema-form/lib/theme-default/NumberWidget.tsx","statementMap":{"0":{"start":{"line":1,"column":0},"end":{"line":1,"column":null}},"1":{"start":{"line":2,"column":0},"end":{"line":2,"column":null}},"2":{"start":{"line":3,"column":0},"end":{"line":3,"column":null}},"3":{"start":{"line":5,"column":41},"end":{"line":5,"column":null}},"4":{"start":{"line":11,"column":28},"end":{"line":15,"column":null}},"5":{"start":{"line":12,"column":22},"end":{"line":12,"column":null}},"6":{"start":{"line":13,"column":8},"end":{"line":13,"column":9}},"7":{"start":{"line":14,"column":8},"end":{"line":14,"column":13}},"8":{"start":{"line":17,"column":6},"end":{"line":17,"column":13}},"9":{"start":{"line":18,"column":8},"end":{"line":18,"column":null}},"10":{"start":{"line":30,"column":15},"end":{"line":30,"column":null}}},"fnMap":{"0":{"name":"(anonymous_0)","decl":{"start":{"line":10,"column":4},"end":{"line":10,"column":9}},"loc":{"start":{"line":10,"column":15},"end":{"line":26,"column":null}}},"1":{"name":"(anonymous_1)","decl":{"start":{"line":11,"column":28},"end":{"line":11,"column":38}},"loc":{"start":{"line":11,"column":38},"end":{"line":15,"column":null}}},"2":{"name":"(anonymous_2)","decl":{"start":{"line":17,"column":13},"end":{"line":17,"column":18}},"loc":{"start":{"line":17,"column":18},"end":{"line":25,"column":null}}}},"branchMap":{},"s":{"0":3,"1":3,"2":3,"3":3,"4":5,"5":1,"6":1,"7":1,"8":5,"9":6,"10":3},"f":{"0":5,"1":1,"2":6},"b":{}}
,"/Users/jason_liang/Documents/Code/MOOC/Vue3.0/vue3-jsonschema-form/lib/theme-default/SelectionWidget.tsx": {"path":"/Users/jason_liang/Documents/Code/MOOC/Vue3.0/vue3-jsonschema-form/lib/theme-default/SelectionWidget.tsx","statementMap":{"0":{"start":{"line":1,"column":0},"end":{"line":1,"column":null}},"1":{"start":{"line":2,"column":0},"end":{"line":2,"column":null}},"2":{"start":{"line":3,"column":0},"end":{"line":3,"column":null}},"3":{"start":{"line":5,"column":41},"end":{"line":5,"column":null}},"4":{"start":{"line":11,"column":30},"end":{"line":11,"column":34}},"5":{"start":{"line":13,"column":6},"end":{"line":13,"column":12}},"6":{"start":{"line":14,"column":8},"end":{"line":16,"column":null}},"7":{"start":{"line":15,"column":10},"end":{"line":15,"column":15}},"8":{"start":{"line":19,"column":6},"end":{"line":19,"column":null}},"9":{"start":{"line":20,"column":14},"end":{"line":20,"column":null}},"10":{"start":{"line":22,"column":10},"end":{"line":22,"column":58}},"11":{"start":{"line":22,"column":43},"end":{"line":22,"column":58}},"12":{"start":{"line":26,"column":6},"end":{"line":26,"column":13}},"13":{"start":{"line":27,"column":28},"end":{"line":27,"column":null}},"14":{"start":{"line":28,"column":8},"end":{"line":28,"column":null}},"15":{"start":{"line":29,"column":43},"end":{"line":29,"column":28}},"16":{"start":{"line":31,"column":14},"end":{"line":31,"column":29}},"17":{"start":{"line":42,"column":15},"end":{"line":42,"column":null}}},"fnMap":{"0":{"name":"(anonymous_0)","decl":{"start":{"line":10,"column":4},"end":{"line":10,"column":9}},"loc":{"start":{"line":10,"column":15},"end":{"line":38,"column":null}}},"1":{"name":"(anonymous_1)","decl":{"start":{"line":13,"column":29},"end":{"line":13,"column":30}},"loc":{"start":{"line":13,"column":52},"end":{"line":17,"column":null}}},"2":{"name":"(anonymous_2)","decl":{"start":{"line":20,"column":8},"end":{"line":20,"column":14}},"loc":{"start":{"line":20,"column":14},"end":{"line":20,"column":null}}},"3":{"name":"(anonymous_3)","decl":{"start":{"line":21,"column":9},"end":{"line":21,"column":14}},"loc":{"start":{"line":21,"column":14},"end":{"line":23,"column":null}}},"4":{"name":"(anonymous_4)","decl":{"start":{"line":26,"column":13},"end":{"line":26,"column":18}},"loc":{"start":{"line":26,"column":18},"end":{"line":37,"column":null}}},"5":{"name":"(anonymous_5)","decl":{"start":{"line":29,"column":10},"end":{"line":29,"column":28}},"loc":{"start":{"line":29,"column":43},"end":{"line":29,"column":28}}},"6":{"name":"(anonymous_6)","decl":{"start":{"line":30,"column":26},"end":{"line":30,"column":null}},"loc":{"start":{"line":31,"column":14},"end":{"line":31,"column":29}}}},"branchMap":{"0":{"loc":{"start":{"line":14,"column":8},"end":{"line":16,"column":null}},"type":"if","locations":[{"start":{"line":14,"column":8},"end":{"line":16,"column":null}},{"start":{"line":14,"column":8},"end":{"line":16,"column":null}}]},"1":{"loc":{"start":{"line":22,"column":10},"end":{"line":22,"column":58}},"type":"if","locations":[{"start":{"line":22,"column":10},"end":{"line":22,"column":58}},{"start":{"line":22,"column":10},"end":{"line":22,"column":58}}]}},"s":{"0":3,"1":3,"2":3,"3":3,"4":1,"5":1,"6":0,"7":0,"8":1,"9":1,"10":0,"11":0,"12":1,"13":1,"14":1,"15":0,"16":3,"17":3},"f":{"0":1,"1":0,"2":1,"3":0,"4":1,"5":0,"6":3},"b":{"0":[0,0],"1":[0,0]}}
,"/Users/jason_liang/Documents/Code/MOOC/Vue3.0/vue3-jsonschema-form/lib/theme-default/TextWidget.tsx": {"path":"/Users/jason_liang/Documents/Code/MOOC/Vue3.0/vue3-jsonschema-form/lib/theme-default/TextWidget.tsx","statementMap":{"0":{"start":{"line":1,"column":0},"end":{"line":1,"column":null}},"1":{"start":{"line":2,"column":0},"end":{"line":2,"column":null}},"2":{"start":{"line":3,"column":0},"end":{"line":3,"column":null}},"3":{"start":{"line":5,"column":39},"end":{"line":5,"column":null}},"4":{"start":{"line":11,"column":28},"end":{"line":15,"column":null}},"5":{"start":{"line":12,"column":22},"end":{"line":12,"column":null}},"6":{"start":{"line":13,"column":8},"end":{"line":13,"column":9}},"7":{"start":{"line":14,"column":8},"end":{"line":14,"column":13}},"8":{"start":{"line":17,"column":23},"end":{"line":17,"column":32}},"9":{"start":{"line":18,"column":8},"end":{"line":18,"column":15}},"10":{"start":{"line":23,"column":6},"end":{"line":23,"column":13}},"11":{"start":{"line":24,"column":8},"end":{"line":24,"column":null}},"12":{"start":{"line":37,"column":15},"end":{"line":37,"column":null}}},"fnMap":{"0":{"name":"(anonymous_0)","decl":{"start":{"line":10,"column":4},"end":{"line":10,"column":9}},"loc":{"start":{"line":10,"column":15},"end":{"line":33,"column":null}}},"1":{"name":"(anonymous_1)","decl":{"start":{"line":11,"column":28},"end":{"line":11,"column":38}},"loc":{"start":{"line":11,"column":38},"end":{"line":15,"column":null}}},"2":{"name":"(anonymous_2)","decl":{"start":{"line":17,"column":32},"end":{"line":17,"column":37}},"loc":{"start":{"line":17,"column":37},"end":{"line":21,"column":null}}},"3":{"name":"(anonymous_3)","decl":{"start":{"line":23,"column":13},"end":{"line":23,"column":18}},"loc":{"start":{"line":23,"column":18},"end":{"line":32,"column":null}}}},"branchMap":{"0":{"loc":{"start":{"line":19,"column":17},"end":{"line":19,"column":42}},"type":"binary-expr","locations":[{"start":{"line":19,"column":17},"end":{"line":19,"column":42}},{"start":{"line":19,"column":42},"end":{"line":19,"column":null}}]}},"s":{"0":3,"1":3,"2":3,"3":3,"4":6,"5":0,"6":0,"7":0,"8":6,"9":9,"10":6,"11":9,"12":3},"f":{"0":6,"1":0,"2":9,"3":9},"b":{"0":[9,9]}}
,"/Users/jason_liang/Documents/Code/MOOC/Vue3.0/vue3-jsonschema-form/lib/theme-default/index.tsx": {"path":"/Users/jason_liang/Documents/Code/MOOC/Vue3.0/vue3-jsonschema-form/lib/theme-default/index.tsx","statementMap":{"0":{"start":{"line":1,"column":0},"end":{"line":1,"column":null}},"1":{"start":{"line":2,"column":0},"end":{"line":2,"column":null}},"2":{"start":{"line":3,"column":0},"end":{"line":3,"column":null}},"3":{"start":{"line":4,"column":0},"end":{"line":4,"column":null}},"4":{"start":{"line":5,"column":0},"end":{"line":5,"column":null}},"5":{"start":{"line":7,"column":21},"end":{"line":7,"column":37}},"6":{"start":{"line":10,"column":4},"end":{"line":10,"column":11}},"7":{"start":{"line":10,"column":17},"end":{"line":10,"column":null}},"8":{"start":{"line":14,"column":15},"end":{"line":14,"column":null}}},"fnMap":{"0":{"name":"(anonymous_0)","decl":{"start":{"line":9,"column":2},"end":{"line":9,"column":7}},"loc":{"start":{"line":9,"column":7},"end":{"line":11,"column":null}}},"1":{"name":"(anonymous_1)","decl":{"start":{"line":10,"column":11},"end":{"line":10,"column":17}},"loc":{"start":{"line":10,"column":17},"end":{"line":10,"column":null}}}},"branchMap":{},"s":{"0":3,"1":3,"2":3,"3":3,"4":3,"5":3,"6":0,"7":0,"8":3},"f":{"0":0,"1":0},"b":{}}
,"/Users/jason_liang/Documents/Code/MOOC/Vue3.0/vue3-jsonschema-form/lib/widgets/Selection.tsx": {"path":"/Users/jason_liang/Documents/Code/MOOC/Vue3.0/vue3-jsonschema-form/lib/widgets/Selection.tsx","statementMap":{"0":{"start":{"line":1,"column":0},"end":{"line":1,"column":null}},"1":{"start":{"line":2,"column":0},"end":{"line":2,"column":null}},"2":{"start":{"line":4,"column":18},"end":{"line":4,"column":34}},"3":{"start":{"line":9,"column":28},"end":{"line":9,"column":32}},"4":{"start":{"line":11,"column":4},"end":{"line":11,"column":10}},"5":{"start":{"line":12,"column":6},"end":{"line":14,"column":null}},"6":{"start":{"line":13,"column":8},"end":{"line":13,"column":13}},"7":{"start":{"line":17,"column":4},"end":{"line":17,"column":null}},"8":{"start":{"line":18,"column":12},"end":{"line":18,"column":null}},"9":{"start":{"line":20,"column":8},"end":{"line":20,"column":56}},"10":{"start":{"line":20,"column":41},"end":{"line":20,"column":56}},"11":{"start":{"line":24,"column":4},"end":{"line":24,"column":11}},"12":{"start":{"line":25,"column":26},"end":{"line":25,"column":null}},"13":{"start":{"line":26,"column":6},"end":{"line":26,"column":null}},"14":{"start":{"line":27,"column":41},"end":{"line":27,"column":26}},"15":{"start":{"line":29,"column":12},"end":{"line":29,"column":27}},"16":{"start":{"line":39,"column":15},"end":{"line":39,"column":null}}},"fnMap":{"0":{"name":"(anonymous_0)","decl":{"start":{"line":8,"column":2},"end":{"line":8,"column":7}},"loc":{"start":{"line":8,"column":13},"end":{"line":36,"column":null}}},"1":{"name":"(anonymous_1)","decl":{"start":{"line":11,"column":27},"end":{"line":11,"column":28}},"loc":{"start":{"line":11,"column":50},"end":{"line":15,"column":null}}},"2":{"name":"(anonymous_2)","decl":{"start":{"line":18,"column":6},"end":{"line":18,"column":12}},"loc":{"start":{"line":18,"column":12},"end":{"line":18,"column":null}}},"3":{"name":"(anonymous_3)","decl":{"start":{"line":19,"column":7},"end":{"line":19,"column":12}},"loc":{"start":{"line":19,"column":12},"end":{"line":21,"column":null}}},"4":{"name":"(anonymous_4)","decl":{"start":{"line":24,"column":11},"end":{"line":24,"column":16}},"loc":{"start":{"line":24,"column":16},"end":{"line":35,"column":null}}},"5":{"name":"(anonymous_5)","decl":{"start":{"line":27,"column":8},"end":{"line":27,"column":26}},"loc":{"start":{"line":27,"column":41},"end":{"line":27,"column":26}}},"6":{"name":"(anonymous_6)","decl":{"start":{"line":28,"column":24},"end":{"line":28,"column":null}},"loc":{"start":{"line":29,"column":12},"end":{"line":29,"column":27}}}},"branchMap":{"0":{"loc":{"start":{"line":12,"column":6},"end":{"line":14,"column":null}},"type":"if","locations":[{"start":{"line":12,"column":6},"end":{"line":14,"column":null}},{"start":{"line":12,"column":6},"end":{"line":14,"column":null}}]},"1":{"loc":{"start":{"line":20,"column":8},"end":{"line":20,"column":56}},"type":"if","locations":[{"start":{"line":20,"column":8},"end":{"line":20,"column":56}},{"start":{"line":20,"column":8},"end":{"line":20,"column":56}}]}},"s":{"0":3,"1":3,"2":3,"3":0,"4":0,"5":0,"6":0,"7":0,"8":0,"9":0,"10":0,"11":0,"12":0,"13":0,"14":0,"15":0,"16":3},"f":{"0":0,"1":0,"2":0,"3":0,"4":0,"5":0,"6":0},"b":{"0":[0,0],"1":[0,0]}}
,"/Users/jason_liang/Documents/Code/MOOC/Vue3.0/vue3-jsonschema-form/tests/unit/utils/TestComponent.tsx": {"path":"/Users/jason_liang/Documents/Code/MOOC/Vue3.0/vue3-jsonschema-form/tests/unit/utils/TestComponent.tsx","statementMap":{"0":{"start":{"line":1,"column":0},"end":{"line":1,"column":null}},"1":{"start":{"line":2,"column":0},"end":{"line":2,"column":null}},"2":{"start":{"line":3,"column":0},"end":{"line":3,"column":null}},"3":{"start":{"line":5,"column":36},"end":{"line":5,"column":52}},"4":{"start":{"line":7,"column":4},"end":{"line":7,"column":11}},"5":{"start":{"line":8,"column":6},"end":{"line":8,"column":28}},"6":{"start":{"line":15,"column":15},"end":{"line":15,"column":31}},"7":{"start":{"line":32,"column":4},"end":{"line":32,"column":11}},"8":{"start":{"line":33,"column":6},"end":{"line":33,"column":null}}},"fnMap":{"0":{"name":"(anonymous_1)","decl":{"start":{"line":6,"column":2},"end":{"line":6,"column":7}},"loc":{"start":{"line":6,"column":24},"end":{"line":12,"column":null}}},"1":{"name":"(anonymous_2)","decl":{"start":{"line":7,"column":11},"end":{"line":7,"column":null}},"loc":{"start":{"line":8,"column":6},"end":{"line":8,"column":28}}},"2":{"name":"(anonymous_3)","decl":{"start":{"line":8,"column":6},"end":{"line":8,"column":28}},"loc":{"start":{"line":8,"column":6},"end":{"line":8,"column":28}}},"3":{"name":"(anonymous_4)","decl":{"start":{"line":31,"column":2},"end":{"line":31,"column":7}},"loc":{"start":{"line":31,"column":13},"end":{"line":37,"column":null}}},"4":{"name":"(anonymous_5)","decl":{"start":{"line":32,"column":11},"end":{"line":32,"column":null}},"loc":{"start":{"line":33,"column":6},"end":{"line":33,"column":null}}},"5":{"name":"(anonymous_6)","decl":{"start":{"line":33,"column":6},"end":{"line":33,"column":null}},"loc":{"start":{"line":33,"column":6},"end":{"line":33,"column":null}}}},"branchMap":{"0":{"loc":{"start":{"line":9,"column":9},"end":{"line":9,"column":26}},"type":"binary-expr","locations":[{"start":{"line":9,"column":9},"end":{"line":9,"column":26}},{"start":{"line":9,"column":26},"end":{"line":9,"column":31}}]},"1":{"loc":{"start":{"line":33,"column":6},"end":{"line":33,"column":null}},"type":"cond-expr","locations":[{"start":{"line":33,"column":6},"end":{"line":33,"column":null}},{"start":{"line":33,"column":6},"end":{"line":33,"column":null}}]}},"s":{"0":3,"1":3,"2":3,"3":3,"4":7,"5":14,"6":3,"7":7,"8":14},"f":{"0":7,"1":7,"2":7,"3":7,"4":7,"5":7},"b":{"0":[7,7],"1":[0,7]}}
}
