TN:
SF:/Users/jason_liang/Documents/Code/MOOC/Vue3.0/vue3-jsonschema-form/lib/SchemaForm.tsx
FN:63,(anonymous_0)
FN:64,(anonymous_1)
FN:68,(anonymous_2)
FN:74,(anonymous_3)
FN:83,(anonymous_4)
FN:89,(anonymous_5)
FN:91,(anonymous_6)
FN:99,(anonymous_7)
FN:113,(anonymous_8)
FN:124,(anonymous_9)
FN:134,(anonymous_10)
FN:144,(anonymous_11)
FN:145,(anonymous_12)
FN:153,useValidate
FN:173,(anonymous_14)
FN:174,(anonymous_15)
FN:185,(anonymous_16)
FNF:17
FNH:8
FNDA:7,(anonymous_0)
FNDA:4,(anonymous_1)
FNDA:0,(anonymous_2)
FNDA:0,(anonymous_3)
FNDA:7,(anonymous_4)
FNDA:0,(anonymous_5)
FNDA:0,(anonymous_6)
FNDA:20,(anonymous_7)
FNDA:7,(anonymous_8)
FNDA:0,(anonymous_9)
FNDA:0,(anonymous_10)
FNDA:10,(anonymous_11)
FNDA:3,(anonymous_12)
FNDA:0,useValidate
FNDA:0,(anonymous_14)
FNDA:0,(anonymous_15)
FNDA:7,(anonymous_16)
DA:1,3
DA:2,3
DA:13,3
DA:14,3
DA:22,3
DA:24,3
DA:28,3
DA:64,7
DA:65,4
DA:68,7
DA:69,0
DA:70,0
DA:74,0
DA:75,0
DA:76,0
DA:79,0
DA:83,7
DA:84,7
DA:85,0
DA:89,0
DA:90,0
DA:91,0
DA:92,0
DA:93,0
DA:96,0
DA:99,20
DA:103,7
DA:109,7
DA:111,7
DA:113,7
DA:114,7
DA:119,7
DA:120,0
DA:124,0
DA:125,0
DA:129,7
DA:130,0
DA:134,0
DA:135,0
DA:140,7
DA:141,7
DA:143,7
DA:144,10
DA:146,3
DA:154,0
DA:156,0
DA:157,0
DA:165,0
DA:167,0
DA:168,0
DA:170,0
DA:173,7
DA:174,0
DA:175,0
DA:176,0
DA:180,7
DA:182,7
DA:186,7
DA:188,7
LF:59
LH:30
BRDA:69,0,0,0
BRDA:69,0,1,0
BRDA:71,1,0,0
BRDA:71,1,1,0
BRDA:84,2,0,0
BRDA:84,2,1,7
BRDA:86,3,0,0
BRDA:86,3,1,0
BRDA:92,4,0,0
BRDA:92,4,1,0
BRDA:119,5,0,0
BRDA:119,5,1,7
BRDA:121,6,0,0
BRDA:121,6,1,0
BRDA:129,7,0,0
BRDA:129,7,1,7
BRDA:131,8,0,0
BRDA:131,8,1,0
BRDA:146,9,0,0
BRDA:146,9,1,3
BRDA:165,10,0,0
BRDA:165,10,1,0
BRDA:192,11,0,7
BRDA:192,11,1,7
BRDA:193,12,0,7
BRDA:193,12,1,0
BRF:26
BRH:7
end_of_record
TN:
SF:/Users/jason_liang/Documents/Code/MOOC/Vue3.0/vue3-jsonschema-form/lib/SchemaItem.tsx
FN:14,(anonymous_0)
FN:17,(anonymous_1)
FN:24,(anonymous_2)
FNF:3
FNH:3
FNDA:17,(anonymous_0)
FNDA:20,(anonymous_1)
FNDA:23,(anonymous_2)
DA:1,3
DA:2,3
DA:3,3
DA:4,3
DA:5,3
DA:6,3
DA:7,3
DA:8,3
DA:10,3
DA:15,17
DA:17,17
DA:18,20
DA:19,20
DA:24,17
DA:25,23
DA:26,23
DA:29,23
DA:32,23
DA:34,9
DA:35,9
DA:37,8
DA:38,8
DA:40,3
DA:41,3
DA:43,3
DA:44,3
DA:46,0
DA:49,23
LF:28
LH:27
BRDA:33,0,0,9
BRDA:33,0,1,8
BRDA:33,0,2,3
BRDA:33,0,3,3
BRDA:33,0,4,0
BRF:5
BRH:4
end_of_record
TN:
SF:/Users/jason_liang/Documents/Code/MOOC/Vue3.0/vue3-jsonschema-form/lib/context.ts
FN:6,useVjsContext
FNF:1
FNH:1
FNDA:40,useVjsContext
DA:1,3
DA:4,3
DA:13,40
DA:15,40
DA:17,40
LF:5
LH:5
BRDA:15,0,0,0
BRDA:15,0,1,40
BRF:2
BRH:1
end_of_record
TN:
SF:/Users/jason_liang/Documents/Code/MOOC/Vue3.0/vue3-jsonschema-form/lib/index.ts
FN:9,(anonymous_5)
FNF:1
FNH:1
FNDA:18,(anonymous_5)
DA:1,3
DA:2,3
DA:3,3
DA:4,3
DA:5,3
DA:6,3
DA:8,3
DA:9,78
LF:8
LH:8
BRDA:9,0,0,36
BRDA:9,0,1,72
BRF:2
BRH:2
end_of_record
TN:
SF:/Users/jason_liang/Documents/Code/MOOC/Vue3.0/vue3-jsonschema-form/lib/theme.tsx
FN:31,(anonymous_0)
FN:32,(anonymous_1)
FN:35,(anonymous_2)
FN:39,getWidget
FN:64,(anonymous_4)
FNF:5
FNH:5
FNDA:7,(anonymous_0)
FNDA:7,(anonymous_1)
FNDA:7,(anonymous_2)
FNDA:17,getWidget
FNDA:17,(anonymous_4)
DA:1,3
DA:11,3
DA:19,3
DA:21,3
DA:23,3
DA:32,7
DA:33,7
DA:35,7
DA:43,17
DA:45,17
DA:46,9
DA:48,9
DA:49,0
DA:52,9
DA:53,0
DA:54,0
DA:59,17
DA:62,17
DA:64,17
DA:65,17
DA:68,17
DA:71,3
LF:22
LH:19
BRDA:35,0,0,7
BRDA:35,0,1,7
BRDA:45,1,0,9
BRDA:45,1,1,8
BRDA:48,2,0,0
BRDA:48,2,1,9
BRDA:48,3,0,9
BRDA:48,3,1,0
BRDA:52,4,0,0
BRDA:52,4,1,9
BRDA:53,5,0,0
BRDA:53,5,1,0
BRDA:62,6,0,0
BRDA:62,6,1,17
BRF:14
BRH:8
end_of_record
TN:
SF:/Users/jason_liang/Documents/Code/MOOC/Vue3.0/vue3-jsonschema-form/lib/types.ts
FN:5,(anonymous_0)
FN:151,(anonymous_1)
FN:155,(anonymous_2)
FNF:3
FNH:3
FNDA:3,(anonymous_0)
FNDA:3,(anonymous_1)
FNDA:3,(anonymous_2)
DA:5,3
DA:6,3
DA:7,3
DA:8,3
DA:9,3
DA:10,3
DA:11,3
DA:80,3
DA:108,3
DA:126,3
DA:151,3
DA:152,3
DA:155,3
DA:156,3
DA:157,3
LF:15
LH:15
BRDA:5,0,0,3
BRDA:5,0,1,3
BRDA:151,1,0,3
BRDA:151,1,1,3
BRDA:155,2,0,3
BRDA:155,2,1,3
BRF:6
BRH:6
end_of_record
TN:
SF:/Users/jason_liang/Documents/Code/MOOC/Vue3.0/vue3-jsonschema-form/lib/utils.ts
FN:10,optionsList
FN:12,(anonymous_1)
FN:29,resolveSchema
FN:38,(anonymous_3)
FN:48,retrieveSchema
FN:88,stubExistingAdditionalProperties
FN:99,(anonymous_6)
FN:140,resolveReference
FN:149,findSchemaDefinition
FN:168,resolveDependencies
FN:189,processDependencies
FN:233,withDependentProperties
FN:243,withDependentSchema
FN:264,(anonymous_13)
FN:278,withExactlyOneSubschema
FN:285,(anonymous_15)
FN:327,mergeSchemas
FN:329,(anonymous_17)
FN:352,getVJSFConfig
FN:360,isObject
FN:364,isEmptyObject
FN:368,hasOwnProperty
FN:377,getSchemaType
FN:394,(anonymous_23)
FN:426,guessType
FN:444,isConstant
FN:451,isSelect
FN:457,(anonymous_27)
FN:462,isMultiSelect
FN:470,getMatchingOption
FN:489,(anonymous_30)
FN:529,mergeDefaultsWithFormData
FN:534,(anonymous_32)
FN:542,(anonymous_33)
FNF:34
FNH:4
FNDA:0,optionsList
FNDA:0,(anonymous_1)
FNDA:20,resolveSchema
FNDA:0,(anonymous_3)
FNDA:20,retrieveSchema
FNDA:0,stubExistingAdditionalProperties
FNDA:0,(anonymous_6)
FNDA:0,resolveReference
FNDA:0,findSchemaDefinition
FNDA:0,resolveDependencies
FNDA:0,processDependencies
FNDA:0,withDependentProperties
FNDA:0,withDependentSchema
FNDA:0,(anonymous_13)
FNDA:0,withExactlyOneSubschema
FNDA:0,(anonymous_15)
FNDA:0,mergeSchemas
FNDA:0,(anonymous_17)
FNDA:0,getVJSFConfig
FNDA:29,isObject
FNDA:0,isEmptyObject
FNDA:60,hasOwnProperty
FNDA:0,getSchemaType
FNDA:0,(anonymous_23)
FNDA:0,guessType
FNDA:0,isConstant
FNDA:0,isSelect
FNDA:0,(anonymous_27)
FNDA:0,isMultiSelect
FNDA:0,getMatchingOption
FNDA:0,(anonymous_30)
FNDA:0,mergeDefaultsWithFormData
FNDA:0,(anonymous_32)
FNDA:0,(anonymous_33)
DA:1,3
DA:2,3
DA:3,3
DA:11,0
DA:12,0
DA:13,0
DA:14,0
DA:17,0
DA:30,20
DA:31,0
DA:32,20
DA:33,0
DA:34,0
DA:35,20
DA:36,0
DA:39,0
DA:44,20
DA:53,20
DA:54,0
DA:56,20
DA:59,20
DA:60,0
DA:61,0
DA:67,0
DA:68,0
DA:69,0
DA:73,20
DA:75,20
DA:77,0
DA:83,20
DA:86,3
DA:94,0
DA:99,0
DA:100,0
DA:102,0
DA:106,0
DA:107,0
DA:112,0
DA:113,0
DA:115,0
DA:119,0
DA:121,0
DA:124,0
DA:142,0
DA:144,0
DA:146,0
DA:150,0
DA:151,0
DA:153,0
DA:155,0
DA:157,0
DA:158,0
DA:159,0
DA:161,0
DA:163,0
DA:165,0
DA:175,0
DA:176,0
DA:177,0
DA:181,0
DA:182,0
DA:187,0
DA:196,0
DA:198,0
DA:199,0
DA:202,0
DA:206,0
DA:211,0
DA:212,0
DA:213,0
DA:214,0
DA:215,0
DA:223,0
DA:230,0
DA:234,0
DA:235,0
DA:237,0
DA:240,0
DA:251,0
DA:256,0
DA:258,0
DA:259,0
DA:260,0
DA:261,0
DA:264,0
DA:265,0
DA:269,0
DA:285,0
DA:286,0
DA:287,0
DA:289,0
DA:290,0
DA:291,0
DA:302,0
DA:303,0
DA:306,0
DA:309,0
DA:313,0
DA:314,0
DA:315,0
DA:328,0
DA:329,0
DA:330,0
DA:331,0
DA:332,0
DA:333,0
DA:334,0
DA:344,0
DA:346,0
DA:348,0
DA:356,0
DA:357,0
DA:361,29
DA:365,0
DA:373,60
DA:378,0
DA:380,0
DA:381,0
DA:384,0
DA:385,0
DA:388,0
DA:389,0
DA:392,0
DA:393,0
DA:394,0
DA:397,0
DA:426,3
DA:427,0
DA:428,0
DA:429,0
DA:430,0
DA:431,0
DA:432,0
DA:433,0
DA:434,0
DA:435,0
DA:436,0
DA:437,0
DA:438,0
DA:441,0
DA:445,0
DA:452,0
DA:453,0
DA:454,0
DA:455,0
DA:456,0
DA:457,0
DA:459,0
DA:463,0
DA:464,0
DA:466,0
DA:475,0
DA:476,0
DA:485,0
DA:488,0
DA:489,0
DA:497,0
DA:499,0
DA:501,0
DA:502,0
DA:505,0
DA:508,0
DA:510,0
DA:512,0
DA:517,0
DA:519,0
DA:520,0
DA:522,0
DA:523,0
DA:526,0
DA:530,0
DA:531,0
DA:532,0
DA:534,0
DA:535,0
DA:536,0
DA:538,0
DA:540,0
DA:541,0
DA:542,0
DA:543,0
DA:547,0
DA:550,0
DA:560,0
DA:561,0
DA:564,0
DA:573,0
DA:575,0
DA:577,0
DA:578,0
DA:580,0
DA:581,0
DA:583,0
LF:193
LH:17
BRDA:11,0,0,0
BRDA:11,0,1,0
BRDA:13,1,0,0
BRDA:13,1,1,0
BRDA:13,1,2,0
BRDA:29,2,0,0
BRDA:29,3,0,0
BRDA:30,4,0,0
BRDA:30,4,1,20
BRDA:32,5,0,0
BRDA:32,5,1,20
BRDA:35,6,0,0
BRDA:35,6,1,20
BRDA:35,7,0,20
BRDA:35,7,1,0
BRDA:50,8,0,0
BRDA:51,9,0,8
BRDA:53,10,0,0
BRDA:53,10,1,20
BRDA:59,11,0,0
BRDA:59,11,1,20
BRDA:73,12,0,20
BRDA:73,12,1,0
BRDA:75,13,0,0
BRDA:75,13,1,20
BRDA:90,14,0,0
BRDA:91,15,0,0
BRDA:100,16,0,0
BRDA:100,16,1,0
BRDA:106,17,0,0
BRDA:106,17,1,0
BRDA:112,18,0,0
BRDA:112,18,1,0
BRDA:149,19,0,0
BRDA:151,20,0,0
BRDA:151,20,1,0
BRDA:158,21,0,0
BRDA:158,21,1,0
BRDA:161,22,0,0
BRDA:161,22,1,0
BRDA:175,23,0,0
BRDA:176,24,0,0
BRDA:176,24,1,0
BRDA:181,25,0,0
BRDA:181,25,1,0
BRDA:198,26,0,0
BRDA:198,26,1,0
BRDA:202,27,0,0
BRDA:202,27,1,0
BRDA:203,28,0,0
BRDA:203,28,1,0
BRDA:212,29,0,0
BRDA:212,29,1,0
BRDA:214,30,0,0
BRDA:214,30,1,0
BRDA:234,31,0,0
BRDA:234,31,1,0
BRDA:238,32,0,0
BRDA:238,32,1,0
BRDA:258,33,0,0
BRDA:258,33,1,0
BRDA:260,34,0,0
BRDA:260,34,1,0
BRDA:266,35,0,0
BRDA:266,35,1,0
BRDA:286,36,0,0
BRDA:286,36,1,0
BRDA:290,37,0,0
BRDA:290,37,1,0
BRDA:302,38,0,0
BRDA:302,38,1,0
BRDA:330,39,0,0
BRDA:330,39,1,0
BRDA:332,40,0,0
BRDA:332,40,1,0
BRDA:332,41,0,0
BRDA:332,41,1,0
BRDA:332,41,2,0
BRDA:334,42,0,0
BRDA:334,42,1,0
BRDA:335,43,0,0
BRDA:335,43,1,0
BRDA:335,43,2,0
BRDA:335,43,3,0
BRDA:335,43,4,0
BRDA:335,43,5,0
BRDA:335,43,6,0
BRDA:356,44,0,0
BRDA:356,44,1,0
BRDA:357,45,0,0
BRDA:357,45,1,0
BRDA:361,46,0,29
BRDA:361,46,1,29
BRDA:361,46,2,29
BRDA:365,47,0,0
BRDA:365,47,1,0
BRDA:380,48,0,0
BRDA:380,48,1,0
BRDA:380,49,0,0
BRDA:380,49,1,0
BRDA:384,50,0,0
BRDA:384,50,1,0
BRDA:384,51,0,0
BRDA:384,51,1,0
BRDA:388,52,0,0
BRDA:388,52,1,0
BRDA:388,53,0,0
BRDA:388,53,1,0
BRDA:388,53,2,0
BRDA:393,54,0,0
BRDA:393,54,1,0
BRDA:393,55,0,0
BRDA:393,55,1,0
BRDA:393,55,2,0
BRDA:427,56,0,0
BRDA:427,56,1,0
BRDA:429,57,0,0
BRDA:429,57,1,0
BRDA:431,58,0,0
BRDA:431,58,1,0
BRDA:433,59,0,0
BRDA:433,59,1,0
BRDA:435,60,0,0
BRDA:435,60,1,0
BRDA:437,61,0,0
BRDA:437,61,1,0
BRDA:446,62,0,0
BRDA:446,62,1,0
BRDA:446,62,2,0
BRDA:451,63,0,0
BRDA:453,64,0,0
BRDA:453,64,1,0
BRDA:454,65,0,0
BRDA:454,65,1,0
BRDA:456,66,0,0
BRDA:456,66,1,0
BRDA:462,67,0,0
BRDA:463,68,0,0
BRDA:463,68,1,0
BRDA:463,69,0,0
BRDA:463,69,1,0
BRDA:485,70,0,0
BRDA:485,70,1,0
BRDA:497,71,0,0
BRDA:497,71,1,0
BRDA:501,72,0,0
BRDA:501,72,1,0
BRDA:519,73,0,0
BRDA:519,73,1,0
BRDA:522,74,0,0
BRDA:522,74,1,0
BRDA:530,75,0,0
BRDA:530,75,1,0
BRDA:531,76,0,0
BRDA:531,76,1,0
BRDA:535,77,0,0
BRDA:535,77,1,0
BRDA:540,78,0,0
BRDA:540,78,1,0
BRDA:544,79,0,0
BRDA:544,79,1,0
BRDA:560,80,0,0
BRDA:560,80,1,0
BRDA:573,81,0,0
BRDA:573,81,1,0
BRDA:577,82,0,0
BRDA:577,82,1,0
BRDA:577,83,0,0
BRDA:577,83,1,0
BRDA:580,84,0,0
BRDA:580,84,1,0
BRDA:580,85,0,0
BRDA:580,85,1,0
BRDA:580,85,2,0
BRDA:583,86,0,0
BRDA:583,86,1,0
BRF:176
BRH:12
end_of_record
TN:
SF:/Users/jason_liang/Documents/Code/MOOC/Vue3.0/vue3-jsonschema-form/lib/validator.ts
FN:21,transformErrors
FN:26,(anonymous_1)
FN:37,toErrorSchema
FN:40,(anonymous_3)
FN:68,validateFormData
FN:119,toRaw
FN:123,createErrorProxy
FN:125,(anonymous_7)
FN:127,(anonymous_8)
FN:151,mergeObjects
FN:154,(anonymous_10)
FNF:11
FNH:0
FNDA:0,transformErrors
FNDA:0,(anonymous_1)
FNDA:0,toErrorSchema
FNDA:0,(anonymous_3)
FNDA:0,validateFormData
FNDA:0,toRaw
FNDA:0,createErrorProxy
FNDA:0,(anonymous_7)
FNDA:0,(anonymous_8)
FNDA:0,mergeObjects
FNDA:0,(anonymous_10)
DA:2,3
DA:4,3
DA:5,3
DA:24,0
DA:26,0
DA:27,0
DA:38,0
DA:40,0
DA:41,0
DA:42,0
DA:43,0
DA:45,0
DA:46,0
DA:49,0
DA:50,0
DA:51,0
DA:53,0
DA:56,0
DA:57,0
DA:59,0
DA:60,0
DA:64,0
DA:75,0
DA:77,0
DA:78,0
DA:80,0
DA:83,0
DA:85,0
DA:87,0
DA:88,0
DA:96,0
DA:98,0
DA:99,0
DA:106,0
DA:107,0
DA:109,0
DA:110,0
DA:112,0
DA:120,0
DA:124,0
DA:126,0
DA:127,0
DA:128,0
DA:129,0
DA:130,0
DA:134,0
DA:135,0
DA:138,0
DA:140,0
DA:141,0
DA:142,0
DA:143,0
DA:146,0
DA:152,0
DA:154,0
DA:155,0
DA:156,0
DA:158,0
DA:159,0
DA:160,0
DA:161,0
DA:163,0
DA:166,0
LF:63
LH:3
BRDA:24,0,0,0
BRDA:24,0,1,0
BRDA:38,1,0,0
BRDA:38,1,1,0
BRDA:45,2,0,0
BRDA:45,2,1,0
BRDA:45,3,0,0
BRDA:45,3,1,0
BRDA:50,4,0,0
BRDA:50,4,1,0
BRDA:56,5,0,0
BRDA:56,5,1,0
BRDA:57,6,0,0
BRDA:57,6,1,0
BRDA:59,7,0,0
BRDA:59,7,1,0
BRDA:72,8,0,0
BRDA:87,9,0,0
BRDA:87,9,1,0
BRDA:98,10,0,0
BRDA:98,10,1,0
BRDA:123,11,0,0
BRDA:126,12,0,0
BRDA:126,12,1,0
BRDA:129,13,0,0
BRDA:129,13,1,0
BRDA:134,14,0,0
BRDA:134,14,1,0
BRDA:140,15,0,0
BRDA:140,15,1,0
BRDA:151,16,0,0
BRDA:155,17,0,0
BRDA:155,17,1,0
BRDA:158,18,0,0
BRDA:158,18,1,0
BRDA:158,19,0,0
BRDA:158,19,1,0
BRDA:158,19,2,0
BRDA:160,20,0,0
BRDA:160,20,1,0
BRDA:160,21,0,0
BRDA:160,21,1,0
BRDA:160,21,2,0
BRF:43
BRH:0
end_of_record
TN:
SF:/Users/jason_liang/Documents/Code/MOOC/Vue3.0/vue3-jsonschema-form/lib/fields/ArrayField.tsx
FN:51,(anonymous_0)
FN:54,(anonymous_1)
FN:55,(anonymous_2)
FN:56,(anonymous_3)
FN:57,(anonymous_4)
FN:59,(anonymous_5)
FN:88,(anonymous_6)
FN:92,(anonymous_7)
FN:99,(anonymous_8)
FN:106,(anonymous_9)
FN:113,(anonymous_10)
FN:122,(anonymous_11)
FN:131,(anonymous_12)
FN:144,(anonymous_13)
FN:158,(anonymous_14)
FN:164,(anonymous_15)
FN:165,(anonymous_16)
FN:180,(anonymous_17)
FN:186,(anonymous_18)
FNF:19
FNH:8
FNDA:2,(anonymous_0)
FNDA:0,(anonymous_1)
FNDA:0,(anonymous_2)
FNDA:0,(anonymous_3)
FNDA:0,(anonymous_4)
FNDA:2,(anonymous_5)
FNDA:3,(anonymous_6)
FNDA:0,(anonymous_7)
FNDA:0,(anonymous_8)
FNDA:0,(anonymous_9)
FNDA:0,(anonymous_10)
FNDA:0,(anonymous_11)
FNDA:3,(anonymous_12)
FNDA:2,(anonymous_13)
FNDA:0,(anonymous_14)
FNDA:2,(anonymous_15)
FNDA:2,(anonymous_16)
FNDA:0,(anonymous_17)
FNDA:3,(anonymous_18)
DA:1,3
DA:2,3
DA:3,3
DA:4,3
DA:5,3
DA:7,3
DA:26,3
DA:52,2
DA:54,2
DA:55,2
DA:56,2
DA:57,2
DA:59,2
DA:60,2
DA:61,2
DA:84,3
DA:89,3
DA:90,3
DA:92,3
DA:93,0
DA:94,0
DA:95,0
DA:96,0
DA:99,3
DA:100,0
DA:101,0
DA:102,0
DA:103,0
DA:106,3
DA:107,0
DA:108,0
DA:109,0
DA:110,0
DA:113,3
DA:114,0
DA:115,0
DA:116,0
DA:117,0
DA:118,0
DA:119,0
DA:122,3
DA:123,0
DA:124,0
DA:125,0
DA:126,0
DA:127,0
DA:128,0
DA:131,3
DA:132,3
DA:133,3
DA:135,3
DA:137,3
DA:138,3
DA:140,3
DA:141,1
DA:142,1
DA:144,1
DA:145,2
DA:146,2
DA:150,2
DA:158,0
DA:162,2
DA:163,1
DA:164,1
DA:165,4
DA:180,0
DA:185,1
DA:186,3
DA:187,1
LF:69
LH:43
BRDA:77,0,0,2
BRDA:77,0,1,2
BRDA:94,1,0,0
BRDA:94,1,1,0
BRDA:101,2,0,0
BRDA:101,2,1,0
BRDA:108,3,0,0
BRDA:108,3,1,0
BRDA:114,4,0,0
BRDA:114,4,1,0
BRDA:116,5,0,0
BRDA:116,5,1,0
BRDA:124,6,0,0
BRDA:124,6,1,0
BRDA:125,7,0,0
BRDA:125,7,1,0
BRDA:138,8,0,3
BRDA:138,8,1,3
BRDA:140,9,0,1
BRDA:140,9,1,2
BRDA:142,10,0,1
BRDA:142,10,1,0
BRDA:147,11,0,0
BRDA:147,11,1,2
BRDA:147,12,0,0
BRDA:147,12,1,0
BRDA:148,13,0,2
BRDA:148,13,1,2
BRDA:155,14,0,2
BRDA:155,14,1,2
BRDA:162,15,0,1
BRDA:162,15,1,1
BRDA:163,16,0,1
BRDA:163,16,1,0
BRDA:177,17,0,2
BRDA:177,17,1,2
BRDA:178,18,0,2
BRDA:178,18,1,2
BRF:38
BRH:19
end_of_record
TN:
SF:/Users/jason_liang/Documents/Code/MOOC/Vue3.0/vue3-jsonschema-form/lib/fields/NumberField.tsx
FN:9,(anonymous_0)
FN:10,(anonymous_1)
FN:21,(anonymous_2)
FNF:3
FNH:3
FNDA:5,(anonymous_0)
FNDA:1,(anonymous_1)
FNDA:8,(anonymous_2)
DA:1,3
DA:2,3
DA:3,3
DA:5,3
DA:10,5
DA:11,1
DA:12,1
DA:13,0
DA:15,1
DA:19,5
DA:21,5
DA:22,8
DA:23,8
DA:25,8
LF:14
LH:13
BRDA:12,0,0,0
BRDA:12,0,1,1
BRF:2
BRH:1
end_of_record
TN:
SF:/Users/jason_liang/Documents/Code/MOOC/Vue3.0/vue3-jsonschema-form/lib/fields/ObjectField.tsx
FN:10,(anonymous_0)
FN:13,(anonymous_1)
FN:25,(anonymous_2)
FN:32,(anonymous_3)
FN:40,(anonymous_4)
FNF:5
FNH:5
FNDA:3,(anonymous_0)
FNDA:3,(anonymous_1)
FNDA:6,(anonymous_2)
FNDA:12,(anonymous_3)
FNDA:3,(anonymous_4)
DA:1,3
DA:2,3
DA:3,3
DA:4,3
DA:6,3
DA:11,3
DA:13,3
DA:14,3
DA:16,3
DA:17,1
DA:19,2
DA:22,3
DA:25,3
DA:26,6
DA:28,6
DA:29,6
DA:30,6
DA:32,6
DA:33,12
DA:40,3
LF:20
LH:20
BRDA:14,0,0,3
BRDA:14,0,1,0
BRDA:16,1,0,1
BRDA:16,1,1,2
BRDA:29,2,0,6
BRDA:29,2,1,0
BRDA:30,3,0,6
BRDA:30,3,1,0
BRDA:36,4,0,0
BRDA:36,4,1,12
BRDA:36,5,0,0
BRDA:36,5,1,0
BRDA:37,6,0,12
BRDA:37,6,1,12
BRF:14
BRH:8
end_of_record
TN:
SF:/Users/jason_liang/Documents/Code/MOOC/Vue3.0/vue3-jsonschema-form/lib/fields/StringField.tsx
FN:9,(anonymous_0)
FN:10,(anonymous_1)
FN:14,(anonymous_2)
FN:19,(anonymous_3)
FN:24,(anonymous_4)
FNF:5
FNH:4
FNDA:6,(anonymous_0)
FNDA:0,(anonymous_1)
FNDA:9,(anonymous_2)
FNDA:9,(anonymous_3)
FNDA:9,(anonymous_4)
DA:1,3
DA:2,3
DA:3,3
DA:5,3
DA:10,6
DA:11,0
DA:14,6
DA:15,9
DA:16,9
DA:19,6
DA:20,9
DA:21,9
DA:24,6
DA:25,9
DA:26,9
DA:28,9
LF:16
LH:15
BRF:0
BRH:0
end_of_record
TN:
SF:/Users/jason_liang/Documents/Code/MOOC/Vue3.0/vue3-jsonschema-form/lib/theme-default/FormItem.tsx
FN:23,(anonymous_1)
FN:26,(anonymous_2)
FN:37,(anonymous_3)
FN:38,(anonymous_4)
FN:49,withFormItem
FN:54,(anonymous_6)
FN:55,(anonymous_7)
FN:57,(anonymous_8)
FNF:8
FNH:6
FNDA:12,(anonymous_1)
FNDA:16,(anonymous_2)
FNDA:0,(anonymous_3)
FNDA:0,(anonymous_4)
FNDA:9,withFormItem
FNDA:12,(anonymous_6)
FNDA:16,(anonymous_7)
FNDA:16,(anonymous_8)
DA:1,3
DA:2,3
DA:3,3
DA:5,3
DA:19,3
DA:24,12
DA:26,12
DA:27,16
DA:28,16
DA:30,16
DA:38,0
DA:47,3
DA:50,9
DA:55,12
DA:56,16
DA:57,16
LF:16
LH:15
BRDA:34,0,0,16
BRDA:34,0,1,16
BRDA:38,1,0,0
BRDA:38,1,1,0
BRDA:57,2,0,0
BRDA:57,2,1,16
BRF:6
BRH:3
end_of_record
TN:
SF:/Users/jason_liang/Documents/Code/MOOC/Vue3.0/vue3-jsonschema-form/lib/theme-default/NumberWidget.tsx
FN:10,(anonymous_0)
FN:11,(anonymous_1)
FN:17,(anonymous_2)
FNF:3
FNH:3
FNDA:5,(anonymous_0)
FNDA:1,(anonymous_1)
FNDA:6,(anonymous_2)
DA:1,3
DA:2,3
DA:3,3
DA:5,3
DA:11,5
DA:12,1
DA:13,1
DA:14,1
DA:17,5
DA:18,6
DA:30,3
LF:11
LH:11
BRF:0
BRH:0
end_of_record
TN:
SF:/Users/jason_liang/Documents/Code/MOOC/Vue3.0/vue3-jsonschema-form/lib/theme-default/SelectionWidget.tsx
FN:10,(anonymous_0)
FN:13,(anonymous_1)
FN:20,(anonymous_2)
FN:21,(anonymous_3)
FN:26,(anonymous_4)
FN:29,(anonymous_5)
FN:30,(anonymous_6)
FNF:7
FNH:4
FNDA:1,(anonymous_0)
FNDA:0,(anonymous_1)
FNDA:1,(anonymous_2)
FNDA:0,(anonymous_3)
FNDA:1,(anonymous_4)
FNDA:0,(anonymous_5)
FNDA:3,(anonymous_6)
DA:1,3
DA:2,3
DA:3,3
DA:5,3
DA:11,1
DA:13,1
DA:14,0
DA:15,0
DA:19,1
DA:20,1
DA:22,0
DA:26,1
DA:27,1
DA:28,1
DA:29,0
DA:31,3
DA:42,3
LF:17
LH:13
BRDA:14,0,0,0
BRDA:14,0,1,0
BRDA:22,1,0,0
BRDA:22,1,1,0
BRF:4
BRH:0
end_of_record
TN:
SF:/Users/jason_liang/Documents/Code/MOOC/Vue3.0/vue3-jsonschema-form/lib/theme-default/TextWidget.tsx
FN:10,(anonymous_0)
FN:11,(anonymous_1)
FN:17,(anonymous_2)
FN:23,(anonymous_3)
FNF:4
FNH:3
FNDA:6,(anonymous_0)
FNDA:0,(anonymous_1)
FNDA:9,(anonymous_2)
FNDA:9,(anonymous_3)
DA:1,3
DA:2,3
DA:3,3
DA:5,3
DA:11,6
DA:12,0
DA:13,0
DA:14,0
DA:17,6
DA:18,9
DA:23,6
DA:24,9
DA:37,3
LF:13
LH:10
BRDA:19,0,0,9
BRDA:19,0,1,9
BRF:2
BRH:2
end_of_record
TN:
SF:/Users/jason_liang/Documents/Code/MOOC/Vue3.0/vue3-jsonschema-form/lib/theme-default/index.tsx
FN:9,(anonymous_0)
FN:10,(anonymous_1)
FNF:2
FNH:0
FNDA:0,(anonymous_0)
FNDA:0,(anonymous_1)
DA:1,3
DA:2,3
DA:3,3
DA:4,3
DA:5,3
DA:7,3
DA:10,0
DA:14,3
LF:8
LH:7
BRF:0
BRH:0
end_of_record
TN:
SF:/Users/jason_liang/Documents/Code/MOOC/Vue3.0/vue3-jsonschema-form/lib/widgets/Selection.tsx
FN:8,(anonymous_0)
FN:11,(anonymous_1)
FN:18,(anonymous_2)
FN:19,(anonymous_3)
FN:24,(anonymous_4)
FN:27,(anonymous_5)
FN:28,(anonymous_6)
FNF:7
FNH:0
FNDA:0,(anonymous_0)
FNDA:0,(anonymous_1)
FNDA:0,(anonymous_2)
FNDA:0,(anonymous_3)
FNDA:0,(anonymous_4)
FNDA:0,(anonymous_5)
FNDA:0,(anonymous_6)
DA:1,3
DA:2,3
DA:4,3
DA:9,0
DA:11,0
DA:12,0
DA:13,0
DA:17,0
DA:18,0
DA:20,0
DA:24,0
DA:25,0
DA:26,0
DA:27,0
DA:29,0
DA:39,3
LF:16
LH:4
BRDA:12,0,0,0
BRDA:12,0,1,0
BRDA:20,1,0,0
BRDA:20,1,1,0
BRF:4
BRH:0
end_of_record
TN:
SF:/Users/jason_liang/Documents/Code/MOOC/Vue3.0/vue3-jsonschema-form/tests/unit/utils/TestComponent.tsx
FN:6,(anonymous_1)
FN:7,(anonymous_2)
FN:8,(anonymous_3)
FN:31,(anonymous_4)
FN:32,(anonymous_5)
FN:33,(anonymous_6)
FNF:6
FNH:6
FNDA:7,(anonymous_1)
FNDA:7,(anonymous_2)
FNDA:7,(anonymous_3)
FNDA:7,(anonymous_4)
FNDA:7,(anonymous_5)
FNDA:7,(anonymous_6)
DA:1,3
DA:2,3
DA:3,3
DA:5,3
DA:7,7
DA:8,14
DA:15,3
DA:32,7
DA:33,14
LF:9
LH:9
BRDA:9,0,0,7
BRDA:9,0,1,7
BRDA:33,1,0,0
BRDA:33,1,1,7
BRF:4
BRH:3
end_of_record
