TN:
SF:/Users/jason_liang/Documents/Code/MOOC/Vue3.0/vue3-jsonschema-form/lib/SchemaForm.tsx
FN:10,(anonymous_0)
FN:11,(anonymous_1)
FN:21,(anonymous_2)
FNF:3
FNH:3
FNDA:7,(anonymous_0)
FNDA:4,(anonymous_1)
FNDA:7,(anonymous_2)
DA:1,3
DA:2,3
DA:3,3
DA:4,3
DA:6,3
DA:11,7
DA:12,4
DA:15,7
DA:19,7
DA:21,7
DA:22,7
DA:24,7
LF:12
LH:12
BRF:0
BRH:0
end_of_record
TN:
SF:/Users/jason_liang/Documents/Code/MOOC/Vue3.0/vue3-jsonschema-form/lib/SchemaItem.tsx
FN:15,(anonymous_0)
FN:16,(anonymous_1)
FN:21,(anonymous_2)
FNF:3
FNH:3
FNDA:17,(anonymous_0)
FNDA:20,(anonymous_1)
FNDA:23,(anonymous_2)
DA:1,3
DA:2,3
DA:4,3
DA:5,3
DA:7,3
DA:8,3
DA:9,3
DA:11,3
DA:16,17
DA:17,20
DA:18,20
DA:21,17
DA:22,23
DA:23,23
DA:26,23
DA:29,23
DA:31,9
DA:32,9
DA:34,8
DA:35,8
DA:37,3
DA:38,3
DA:40,3
DA:41,3
DA:43,0
DA:46,23
LF:26
LH:25
BRDA:30,0,0,9
BRDA:30,0,1,8
BRDA:30,0,2,3
BRDA:30,0,3,3
BRDA:30,0,4,0
BRF:5
BRH:4
end_of_record
TN:
SF:/Users/jason_liang/Documents/Code/MOOC/Vue3.0/vue3-jsonschema-form/lib/context.ts
FN:6,useVjsContext
FNF:1
FNH:1
FNDA:6,useVjsContext
DA:1,3
DA:4,3
DA:7,6
DA:11,6
DA:13,6
LF:5
LH:5
BRDA:11,0,0,0
BRDA:11,0,1,6
BRF:2
BRH:1
end_of_record
TN:
SF:/Users/jason_liang/Documents/Code/MOOC/Vue3.0/vue3-jsonschema-form/lib/index.ts
FNF:0
FNH:0
DA:1,3
DA:2,3
DA:3,3
DA:4,3
DA:5,3
DA:7,3
LF:6
LH:6
BRF:0
BRH:0
end_of_record
TN:
SF:/Users/jason_liang/Documents/Code/MOOC/Vue3.0/vue3-jsonschema-form/lib/types.ts
FN:3,(anonymous_0)
FNF:1
FNH:1
FNDA:3,(anonymous_0)
DA:3,3
DA:4,3
DA:5,3
DA:6,3
DA:7,3
DA:8,3
DA:9,3
DA:74,3
LF:8
LH:8
BRDA:3,0,0,3
BRDA:3,0,1,3
BRF:2
BRH:2
end_of_record
TN:
SF:/Users/jason_liang/Documents/Code/MOOC/Vue3.0/vue3-jsonschema-form/lib/utils.ts
FN:10,optionsList
FN:12,(anonymous_1)
FN:29,resolveSchema
FN:38,(anonymous_3)
FN:48,retrieveSchema
FN:88,stubExistingAdditionalProperties
FN:99,(anonymous_6)
FN:140,resolveReference
FN:149,findSchemaDefinition
FN:168,resolveDependencies
FN:189,processDependencies
FN:233,withDependentProperties
FN:243,withDependentSchema
FN:264,(anonymous_13)
FN:278,withExactlyOneSubschema
FN:285,(anonymous_15)
FN:327,mergeSchemas
FN:329,(anonymous_17)
FN:352,getVJSFConfig
FN:360,isObject
FN:364,isEmptyObject
FN:368,hasOwnProperty
FN:377,getSchemaType
FN:394,(anonymous_23)
FN:426,guessType
FN:444,isConstant
FN:451,isSelect
FN:457,(anonymous_27)
FN:462,isMultiSelect
FN:470,getMatchingOption
FN:489,(anonymous_30)
FN:529,mergeDefaultsWithFormData
FN:534,(anonymous_32)
FN:542,(anonymous_33)
FNF:34
FNH:4
FNDA:0,optionsList
FNDA:0,(anonymous_1)
FNDA:20,resolveSchema
FNDA:0,(anonymous_3)
FNDA:20,retrieveSchema
FNDA:0,stubExistingAdditionalProperties
FNDA:0,(anonymous_6)
FNDA:0,resolveReference
FNDA:0,findSchemaDefinition
FNDA:0,resolveDependencies
FNDA:0,processDependencies
FNDA:0,withDependentProperties
FNDA:0,withDependentSchema
FNDA:0,(anonymous_13)
FNDA:0,withExactlyOneSubschema
FNDA:0,(anonymous_15)
FNDA:0,mergeSchemas
FNDA:0,(anonymous_17)
FNDA:0,getVJSFConfig
FNDA:29,isObject
FNDA:0,isEmptyObject
FNDA:60,hasOwnProperty
FNDA:0,getSchemaType
FNDA:0,(anonymous_23)
FNDA:0,guessType
FNDA:0,isConstant
FNDA:0,isSelect
FNDA:0,(anonymous_27)
FNDA:0,isMultiSelect
FNDA:0,getMatchingOption
FNDA:0,(anonymous_30)
FNDA:0,mergeDefaultsWithFormData
FNDA:0,(anonymous_32)
FNDA:0,(anonymous_33)
DA:1,3
DA:2,3
DA:3,3
DA:11,0
DA:12,0
DA:13,0
DA:14,0
DA:17,0
DA:30,20
DA:31,0
DA:32,20
DA:33,0
DA:34,0
DA:35,20
DA:36,0
DA:39,0
DA:44,20
DA:53,20
DA:54,0
DA:56,20
DA:59,20
DA:60,0
DA:61,0
DA:67,0
DA:68,0
DA:69,0
DA:73,20
DA:75,20
DA:77,0
DA:83,20
DA:86,3
DA:94,0
DA:99,0
DA:100,0
DA:102,0
DA:106,0
DA:107,0
DA:112,0
DA:113,0
DA:115,0
DA:119,0
DA:121,0
DA:124,0
DA:142,0
DA:144,0
DA:146,0
DA:150,0
DA:151,0
DA:153,0
DA:155,0
DA:157,0
DA:158,0
DA:159,0
DA:161,0
DA:163,0
DA:165,0
DA:175,0
DA:176,0
DA:177,0
DA:181,0
DA:182,0
DA:187,0
DA:196,0
DA:198,0
DA:199,0
DA:202,0
DA:206,0
DA:211,0
DA:212,0
DA:213,0
DA:214,0
DA:215,0
DA:223,0
DA:230,0
DA:234,0
DA:235,0
DA:237,0
DA:240,0
DA:251,0
DA:256,0
DA:258,0
DA:259,0
DA:260,0
DA:261,0
DA:264,0
DA:265,0
DA:269,0
DA:285,0
DA:286,0
DA:287,0
DA:289,0
DA:290,0
DA:291,0
DA:302,0
DA:303,0
DA:306,0
DA:309,0
DA:313,0
DA:314,0
DA:315,0
DA:328,0
DA:329,0
DA:330,0
DA:331,0
DA:332,0
DA:333,0
DA:334,0
DA:344,0
DA:346,0
DA:348,0
DA:356,0
DA:357,0
DA:361,29
DA:365,0
DA:373,60
DA:378,0
DA:380,0
DA:381,0
DA:384,0
DA:385,0
DA:388,0
DA:389,0
DA:392,0
DA:393,0
DA:394,0
DA:397,0
DA:426,3
DA:427,0
DA:428,0
DA:429,0
DA:430,0
DA:431,0
DA:432,0
DA:433,0
DA:434,0
DA:435,0
DA:436,0
DA:437,0
DA:438,0
DA:441,0
DA:445,0
DA:452,0
DA:453,0
DA:454,0
DA:455,0
DA:456,0
DA:457,0
DA:459,0
DA:463,0
DA:464,0
DA:466,0
DA:475,0
DA:476,0
DA:485,0
DA:488,0
DA:489,0
DA:497,0
DA:499,0
DA:501,0
DA:502,0
DA:505,0
DA:508,0
DA:510,0
DA:512,0
DA:517,0
DA:519,0
DA:520,0
DA:522,0
DA:523,0
DA:526,0
DA:530,0
DA:531,0
DA:532,0
DA:534,0
DA:535,0
DA:536,0
DA:538,0
DA:540,0
DA:541,0
DA:542,0
DA:543,0
DA:547,0
DA:550,0
DA:560,0
DA:561,0
DA:564,0
DA:573,0
DA:575,0
DA:577,0
DA:578,0
DA:580,0
DA:581,0
DA:583,0
LF:193
LH:17
BRDA:11,0,0,0
BRDA:11,0,1,0
BRDA:13,1,0,0
BRDA:13,1,1,0
BRDA:13,1,2,0
BRDA:29,2,0,0
BRDA:29,3,0,0
BRDA:30,4,0,0
BRDA:30,4,1,20
BRDA:32,5,0,0
BRDA:32,5,1,20
BRDA:35,6,0,0
BRDA:35,6,1,20
BRDA:35,7,0,20
BRDA:35,7,1,0
BRDA:50,8,0,0
BRDA:51,9,0,8
BRDA:53,10,0,0
BRDA:53,10,1,20
BRDA:59,11,0,0
BRDA:59,11,1,20
BRDA:73,12,0,20
BRDA:73,12,1,0
BRDA:75,13,0,0
BRDA:75,13,1,20
BRDA:90,14,0,0
BRDA:91,15,0,0
BRDA:100,16,0,0
BRDA:100,16,1,0
BRDA:106,17,0,0
BRDA:106,17,1,0
BRDA:112,18,0,0
BRDA:112,18,1,0
BRDA:149,19,0,0
BRDA:151,20,0,0
BRDA:151,20,1,0
BRDA:158,21,0,0
BRDA:158,21,1,0
BRDA:161,22,0,0
BRDA:161,22,1,0
BRDA:175,23,0,0
BRDA:176,24,0,0
BRDA:176,24,1,0
BRDA:181,25,0,0
BRDA:181,25,1,0
BRDA:198,26,0,0
BRDA:198,26,1,0
BRDA:202,27,0,0
BRDA:202,27,1,0
BRDA:203,28,0,0
BRDA:203,28,1,0
BRDA:212,29,0,0
BRDA:212,29,1,0
BRDA:214,30,0,0
BRDA:214,30,1,0
BRDA:234,31,0,0
BRDA:234,31,1,0
BRDA:238,32,0,0
BRDA:238,32,1,0
BRDA:258,33,0,0
BRDA:258,33,1,0
BRDA:260,34,0,0
BRDA:260,34,1,0
BRDA:266,35,0,0
BRDA:266,35,1,0
BRDA:286,36,0,0
BRDA:286,36,1,0
BRDA:290,37,0,0
BRDA:290,37,1,0
BRDA:302,38,0,0
BRDA:302,38,1,0
BRDA:330,39,0,0
BRDA:330,39,1,0
BRDA:332,40,0,0
BRDA:332,40,1,0
BRDA:332,41,0,0
BRDA:332,41,1,0
BRDA:332,41,2,0
BRDA:334,42,0,0
BRDA:334,42,1,0
BRDA:335,43,0,0
BRDA:335,43,1,0
BRDA:335,43,2,0
BRDA:335,43,3,0
BRDA:335,43,4,0
BRDA:335,43,5,0
BRDA:335,43,6,0
BRDA:356,44,0,0
BRDA:356,44,1,0
BRDA:357,45,0,0
BRDA:357,45,1,0
BRDA:361,46,0,29
BRDA:361,46,1,29
BRDA:361,46,2,29
BRDA:365,47,0,0
BRDA:365,47,1,0
BRDA:380,48,0,0
BRDA:380,48,1,0
BRDA:380,49,0,0
BRDA:380,49,1,0
BRDA:384,50,0,0
BRDA:384,50,1,0
BRDA:384,51,0,0
BRDA:384,51,1,0
BRDA:388,52,0,0
BRDA:388,52,1,0
BRDA:388,53,0,0
BRDA:388,53,1,0
BRDA:388,53,2,0
BRDA:393,54,0,0
BRDA:393,54,1,0
BRDA:393,55,0,0
BRDA:393,55,1,0
BRDA:393,55,2,0
BRDA:427,56,0,0
BRDA:427,56,1,0
BRDA:429,57,0,0
BRDA:429,57,1,0
BRDA:431,58,0,0
BRDA:431,58,1,0
BRDA:433,59,0,0
BRDA:433,59,1,0
BRDA:435,60,0,0
BRDA:435,60,1,0
BRDA:437,61,0,0
BRDA:437,61,1,0
BRDA:446,62,0,0
BRDA:446,62,1,0
BRDA:446,62,2,0
BRDA:451,63,0,0
BRDA:453,64,0,0
BRDA:453,64,1,0
BRDA:454,65,0,0
BRDA:454,65,1,0
BRDA:456,66,0,0
BRDA:456,66,1,0
BRDA:462,67,0,0
BRDA:463,68,0,0
BRDA:463,68,1,0
BRDA:463,69,0,0
BRDA:463,69,1,0
BRDA:485,70,0,0
BRDA:485,70,1,0
BRDA:497,71,0,0
BRDA:497,71,1,0
BRDA:501,72,0,0
BRDA:501,72,1,0
BRDA:519,73,0,0
BRDA:519,73,1,0
BRDA:522,74,0,0
BRDA:522,74,1,0
BRDA:530,75,0,0
BRDA:530,75,1,0
BRDA:531,76,0,0
BRDA:531,76,1,0
BRDA:535,77,0,0
BRDA:535,77,1,0
BRDA:540,78,0,0
BRDA:540,78,1,0
BRDA:544,79,0,0
BRDA:544,79,1,0
BRDA:560,80,0,0
BRDA:560,80,1,0
BRDA:573,81,0,0
BRDA:573,81,1,0
BRDA:577,82,0,0
BRDA:577,82,1,0
BRDA:577,83,0,0
BRDA:577,83,1,0
BRDA:580,84,0,0
BRDA:580,84,1,0
BRDA:580,85,0,0
BRDA:580,85,1,0
BRDA:580,85,2,0
BRDA:583,86,0,0
BRDA:583,86,1,0
BRF:176
BRH:12
end_of_record
TN:
SF:/Users/jason_liang/Documents/Code/MOOC/Vue3.0/vue3-jsonschema-form/lib/fields/ArrayField.tsx
FN:51,(anonymous_0)
FN:54,(anonymous_1)
FN:55,(anonymous_2)
FN:56,(anonymous_3)
FN:57,(anonymous_4)
FN:59,(anonymous_5)
FN:88,(anonymous_6)
FN:91,(anonymous_7)
FN:98,(anonymous_8)
FN:105,(anonymous_9)
FN:112,(anonymous_10)
FN:121,(anonymous_11)
FN:130,(anonymous_12)
FN:141,(anonymous_13)
FN:147,(anonymous_14)
FN:152,(anonymous_15)
FN:153,(anonymous_16)
FN:166,(anonymous_17)
FN:172,(anonymous_18)
FNF:19
FNH:8
FNDA:2,(anonymous_0)
FNDA:0,(anonymous_1)
FNDA:0,(anonymous_2)
FNDA:0,(anonymous_3)
FNDA:0,(anonymous_4)
FNDA:2,(anonymous_5)
FNDA:3,(anonymous_6)
FNDA:0,(anonymous_7)
FNDA:0,(anonymous_8)
FNDA:0,(anonymous_9)
FNDA:0,(anonymous_10)
FNDA:0,(anonymous_11)
FNDA:3,(anonymous_12)
FNDA:2,(anonymous_13)
FNDA:0,(anonymous_14)
FNDA:2,(anonymous_15)
FNDA:2,(anonymous_16)
FNDA:0,(anonymous_17)
FNDA:3,(anonymous_18)
DA:1,3
DA:2,3
DA:3,3
DA:4,3
DA:5,3
DA:7,3
DA:26,3
DA:52,2
DA:54,2
DA:55,2
DA:56,2
DA:57,2
DA:59,2
DA:60,2
DA:61,2
DA:84,3
DA:89,3
DA:91,3
DA:92,0
DA:93,0
DA:94,0
DA:95,0
DA:98,3
DA:99,0
DA:100,0
DA:101,0
DA:102,0
DA:105,3
DA:106,0
DA:107,0
DA:108,0
DA:109,0
DA:112,3
DA:113,0
DA:114,0
DA:115,0
DA:116,0
DA:117,0
DA:118,0
DA:121,3
DA:122,0
DA:123,0
DA:124,0
DA:125,0
DA:126,0
DA:127,0
DA:130,3
DA:131,3
DA:132,3
DA:134,3
DA:135,3
DA:137,3
DA:138,1
DA:139,1
DA:141,1
DA:142,2
DA:147,0
DA:150,2
DA:151,1
DA:152,1
DA:153,4
DA:166,0
DA:171,1
DA:172,3
DA:173,1
LF:65
LH:39
BRDA:77,0,0,2
BRDA:77,0,1,2
BRDA:93,1,0,0
BRDA:93,1,1,0
BRDA:100,2,0,0
BRDA:100,2,1,0
BRDA:107,3,0,0
BRDA:107,3,1,0
BRDA:113,4,0,0
BRDA:113,4,1,0
BRDA:115,5,0,0
BRDA:115,5,1,0
BRDA:123,6,0,0
BRDA:123,6,1,0
BRDA:124,7,0,0
BRDA:124,7,1,0
BRDA:135,8,0,3
BRDA:135,8,1,3
BRDA:137,9,0,1
BRDA:137,9,1,2
BRDA:139,10,0,1
BRDA:139,10,1,0
BRDA:150,11,0,1
BRDA:150,11,1,1
BRDA:151,12,0,1
BRDA:151,12,1,0
BRF:26
BRH:10
end_of_record
TN:
SF:/Users/jason_liang/Documents/Code/MOOC/Vue3.0/vue3-jsonschema-form/lib/fields/NumberField.vue
FN:12,(anonymous_0)
FN:13,(anonymous_1)
FNF:2
FNH:2
FNDA:5,(anonymous_0)
FNDA:1,(anonymous_1)
DA:6,3
DA:7,3
DA:9,3
DA:13,5
DA:14,1
DA:15,1
DA:16,0
DA:18,1
DA:22,5
LF:9
LH:8
BRDA:15,0,0,0
BRDA:15,0,1,1
BRF:2
BRH:1
end_of_record
TN:
SF:/Users/jason_liang/Documents/Code/MOOC/Vue3.0/vue3-jsonschema-form/lib/fields/ObjectField.tsx
FN:11,(anonymous_0)
FN:14,(anonymous_1)
FN:26,(anonymous_2)
FN:33,(anonymous_3)
FN:39,(anonymous_4)
FNF:5
FNH:5
FNDA:3,(anonymous_0)
FNDA:3,(anonymous_1)
FNDA:6,(anonymous_2)
FNDA:12,(anonymous_3)
FNDA:3,(anonymous_4)
DA:1,3
DA:2,3
DA:4,3
DA:5,3
DA:7,3
DA:12,3
DA:14,3
DA:15,3
DA:17,3
DA:18,1
DA:20,2
DA:23,3
DA:26,3
DA:27,6
DA:29,6
DA:30,6
DA:31,6
DA:33,6
DA:34,12
DA:39,3
LF:20
LH:20
BRDA:15,0,0,3
BRDA:15,0,1,0
BRDA:17,1,0,1
BRDA:17,1,1,2
BRDA:30,2,0,6
BRDA:30,2,1,0
BRDA:31,3,0,6
BRDA:31,3,1,0
BRF:8
BRH:5
end_of_record
TN:
SF:/Users/jason_liang/Documents/Code/MOOC/Vue3.0/vue3-jsonschema-form/lib/fields/StringField.vue
FN:12,(anonymous_0)
FN:13,(anonymous_1)
FNF:2
FNH:1
FNDA:6,(anonymous_0)
FNDA:0,(anonymous_1)
DA:6,3
DA:7,3
DA:9,3
DA:13,6
DA:14,0
DA:17,6
LF:6
LH:5
BRF:0
BRH:0
end_of_record
TN:
SF:/Users/jason_liang/Documents/Code/MOOC/Vue3.0/vue3-jsonschema-form/lib/widgets/Selection.tsx
FN:22,(anonymous_0)
FN:25,(anonymous_1)
FN:32,(anonymous_2)
FN:33,(anonymous_3)
FN:38,(anonymous_4)
FN:41,(anonymous_5)
FN:42,(anonymous_6)
FNF:7
FNH:4
FNDA:1,(anonymous_0)
FNDA:0,(anonymous_1)
FNDA:1,(anonymous_2)
FNDA:0,(anonymous_3)
FNDA:1,(anonymous_4)
FNDA:0,(anonymous_5)
FNDA:3,(anonymous_6)
DA:1,3
DA:3,3
DA:23,1
DA:25,1
DA:26,0
DA:27,0
DA:31,1
DA:32,1
DA:34,0
DA:38,1
DA:39,1
DA:40,1
DA:41,0
DA:43,3
LF:14
LH:10
BRDA:26,0,0,0
BRDA:26,0,1,0
BRDA:34,1,0,0
BRDA:34,1,1,0
BRF:4
BRH:0
end_of_record
